#0 building with "mybuilder" instance using docker-container driver

#1 [adbhoney internal] load build definition from Dockerfile
#1 transferring dockerfile: 966B 0.0s done
#1 DONE 0.0s

#2 [adbhoney linux/arm64 internal] load metadata for docker.io/library/alpine:3.20
#2 ...

#3 [adbhoney auth] library/alpine:pull token for registry-1.docker.io
#3 DONE 0.0s

#4 [adbhoney linux/amd64 internal] load metadata for docker.io/library/alpine:3.20
#4 ...

#2 [adbhoney linux/arm64 internal] load metadata for docker.io/library/alpine:3.20
#2 DONE 1.8s

#5 [adbhoney internal] load .dockerignore
#5 transferring context: 2B 0.0s done
#5 DONE 0.0s

#4 [adbhoney linux/amd64 internal] load metadata for docker.io/library/alpine:3.20
#4 DONE 2.1s

#6 [adbhoney linux/arm64 builder 1/3] FROM docker.io/library/alpine:3.20@sha256:31687a2fdd021f85955bf2d0c2682e9c0949827560e1db546358ea094f740f12
#6 resolve docker.io/library/alpine:3.20@sha256:31687a2fdd021f85955bf2d0c2682e9c0949827560e1db546358ea094f740f12 0.0s done
#6 DONE 0.0s

#7 [adbhoney linux/amd64 builder 1/3] FROM docker.io/library/alpine:3.20@sha256:31687a2fdd021f85955bf2d0c2682e9c0949827560e1db546358ea094f740f12
#7 resolve docker.io/library/alpine:3.20@sha256:31687a2fdd021f85955bf2d0c2682e9c0949827560e1db546358ea094f740f12 0.0s done
#7 DONE 0.0s

#8 [adbhoney internal] load build context
#8 transferring context: 100B done
#8 DONE 0.0s

#9 [adbhoney linux/arm64 builder 2/3] COPY dist/ /root/dist/
#9 CACHED

#10 [adbhoney linux/arm64 stage-1 2/4] RUN apk --no-cache -U upgrade
#10 CACHED

#11 [adbhoney linux/arm64 stage-1 3/4] COPY --from=builder /opt/adbhoney/dist/adbhoney/ /opt/adbhoney/
#11 CACHED

#12 [adbhoney linux/arm64 builder 3/3] RUN	APK --no-cache -U upgrade && 	apk --no-cache -U add 		build-base 		git 		procps 		py3-psutil 		py3-requests 		py3-pip 		python3 && 		pip3 install --break-system-packages pyinstaller &&     git clone https://github.com/t3chn0m4g3/ADBHoney /opt/adbhoney &&     cd /opt/adbhoney && 	git checkout 42a73cd8a82ddd4d137de70ac37b1a8b2e3e0119 &&     cp /root/dist/adbhoney.cfg /opt/adbhoney &&     sed -i 's/dst_ip/dest_ip/' /opt/adbhoney/adbhoney/core.py &&     sed -i 's/dst_port/dest_port/' /opt/adbhoney/adbhoney/core.py &&     pyinstaller adbhoney.spec
#12 CACHED

#13 [adbhoney linux/arm64 stage-1 4/4] WORKDIR /opt/adbhoney/
#13 CACHED

#14 [adbhoney linux/amd64 builder 3/3] RUN	APK --no-cache -U upgrade && 	apk --no-cache -U add 		build-base 		git 		procps 		py3-psutil 		py3-requests 		py3-pip 		python3 && 		pip3 install --break-system-packages pyinstaller &&     git clone https://github.com/t3chn0m4g3/ADBHoney /opt/adbhoney &&     cd /opt/adbhoney && 	git checkout 42a73cd8a82ddd4d137de70ac37b1a8b2e3e0119 &&     cp /root/dist/adbhoney.cfg /opt/adbhoney &&     sed -i 's/dst_ip/dest_ip/' /opt/adbhoney/adbhoney/core.py &&     sed -i 's/dst_port/dest_port/' /opt/adbhoney/adbhoney/core.py &&     pyinstaller adbhoney.spec
#14 CACHED

#15 [adbhoney linux/amd64 builder 2/3] COPY dist/ /root/dist/
#15 CACHED

#16 [adbhoney linux/amd64 stage-1 2/4] RUN apk --no-cache -U upgrade
#16 CACHED

#17 [adbhoney linux/amd64 stage-1 3/4] COPY --from=builder /opt/adbhoney/dist/adbhoney/ /opt/adbhoney/
#17 CACHED

#18 [adbhoney linux/amd64 stage-1 4/4] WORKDIR /opt/adbhoney/
#18 CACHED

#19 [adbhoney] exporting to image
#19 exporting layers done
#19 exporting manifest sha256:b8491e4124bfd48c57452af100a1c189c51e331ba08474ee4c5dd208d150f18b done
#19 exporting config sha256:47f04bb81dc2ba6bdcfa62b03616f0b09363f6d34cb2b502ef459f7c2a4d1b21 done
#19 exporting attestation manifest sha256:5464de571973c58a842f17e6488effb6252aab76a2082d0427782e21fe71f801 0.0s done
#19 exporting manifest sha256:ca4be5495a3e100373ddc84fe5626ec327a0042a62a360b9bb622f5eb110ccf8 done
#19 exporting config sha256:812874bf751a8040593fd26b45505ca46a4b2d824181f448c9bafbd180b52c41 done
#19 exporting attestation manifest sha256:14786df53dac815c56ae1faac57c16664d2751242b9143d4142cf60669e78fd4 0.0s done
#19 exporting manifest list sha256:2d70121c49b6d5540e7d79495b1073bf7bae835ef6802f4dfacf9bee1d8a0aee 0.0s done
#19 pushing layers
#19 ...

#20 [adbhoney auth] f0rc3ps/adbhoney:pull,push token for registry-1.docker.io
#20 DONE 0.0s

#19 [adbhoney] exporting to image
#19 pushing layers 5.7s done
#19 pushing manifest for docker.io/f0rc3ps/adbhoney:24.04.1@sha256:2d70121c49b6d5540e7d79495b1073bf7bae835ef6802f4dfacf9bee1d8a0aee
#19 pushing manifest for docker.io/f0rc3ps/adbhoney:24.04.1@sha256:2d70121c49b6d5540e7d79495b1073bf7bae835ef6802f4dfacf9bee1d8a0aee 4.2s done
#19 ...

#21 [adbhoney auth] asc3t1c/adbhoney:pull,push token for ghcr.io
#21 DONE 0.0s

#19 [adbhoney] exporting to image
#19 pushing layers 2.8s done
#19 pushing manifest for ghcr.io/asc3t1c/adbhoney:24.04.1@sha256:2d70121c49b6d5540e7d79495b1073bf7bae835ef6802f4dfacf9bee1d8a0aee
#19 pushing manifest for ghcr.io/asc3t1c/adbhoney:24.04.1@sha256:2d70121c49b6d5540e7d79495b1073bf7bae835ef6802f4dfacf9bee1d8a0aee 3.1s done
#19 DONE 15.9s

#22 [adbhoney] resolving provenance for metadata file
#22 DONE 0.0s
