Compose now can delegate build to bake for better performances
Just set COMPOSE_BAKE=true
#0 building with "mybuilder" instance using docker-container driver

#1 [citrixhoneypot internal] load build definition from Dockerfile
#1 transferring dockerfile: 1.39kB 0.0s done
#1 WARN: JSONArgsRecommended: JSON arguments recommended for CMD to prevent unintended behavior related to OS signals (line 43)
#1 DONE 0.0s

#2 [citrixhoneypot linux/amd64 internal] load metadata for docker.io/library/alpine:3.20
#2 DONE 0.0s

#3 [citrixhoneypot internal] load .dockerignore
#3 transferring context: 2B done
#3 DONE 0.0s

#4 [citrixhoneypot linux/arm64 internal] load metadata for docker.io/library/alpine:3.20
#4 DONE 0.2s

#5 [citrixhoneypot linux/amd64 builder 1/5] FROM docker.io/library/alpine:3.20@sha256:de4fe7064d8f98419ea6b49190df1abbf43450c1702eeb864fe9ced453c1cc5f
#5 resolve docker.io/library/alpine:3.20@sha256:de4fe7064d8f98419ea6b49190df1abbf43450c1702eeb864fe9ced453c1cc5f 0.0s done
#5 DONE 0.0s

#6 [citrixhoneypot linux/arm64 builder 1/5] FROM docker.io/library/alpine:3.20@sha256:de4fe7064d8f98419ea6b49190df1abbf43450c1702eeb864fe9ced453c1cc5f
#6 resolve docker.io/library/alpine:3.20@sha256:de4fe7064d8f98419ea6b49190df1abbf43450c1702eeb864fe9ced453c1cc5f 0.0s done
#6 DONE 0.0s

#7 [citrixhoneypot linux/amd64 builder 3/5] RUN git clone https://github.com/t3chn0m4g3/CitrixHoneypot /opt/citrixhoneypot &&     cd /opt/citrixhoneypot &&     git checkout dee32447033a0296d053e8f881bf190f9dd7ad44 &&     mkdir -p /opt/citrixhoneypot/logs /opt/citrixhoneypot/ssl &&     openssl req           -nodes           -x509           -newkey rsa:2048           -keyout "/opt/citrixhoneypot/ssl/key.pem"           -out "/opt/citrixhoneypot/ssl/cert.pem"           -days 365           -subj '/C=AU/ST=Some-State/O=Internet Widgits Pty Ltd' &&     chown 2000:2000 -R ssl/
#7 CACHED

#8 [citrixhoneypot linux/amd64 stage-1 4/6] COPY --from=builder /opt/citrixhoneypot/ssl /opt/citrixhoneypot/ssl
#8 CACHED

#9 [citrixhoneypot linux/amd64 stage-1 3/6] COPY --from=builder /opt/citrixhoneypot/dist/CitrixHoneypot/ /opt/citrixhoneypot
#9 CACHED

#10 [citrixhoneypot linux/amd64 stage-1 5/6] COPY --from=builder /opt/citrixhoneypot/responses/ /opt/citrixhoneypot/responses
#10 CACHED

#11 [citrixhoneypot linux/amd64 builder 5/5] RUN pyinstaller CitrixHoneypot.py
#11 CACHED

#12 [citrixhoneypot linux/amd64 builder 2/5] RUN apk --no-cache -U upgrade &&     apk --no-cache -U add         build-base 		git 		openssl 		py3-pip 		python3 &&     pip3 install --break-system-packages --no-cache-dir         pyinstaller         python-json-logger
#12 CACHED

#13 [citrixhoneypot linux/amd64 builder 4/5] WORKDIR /opt/citrixhoneypot
#13 CACHED

#14 [citrixhoneypot linux/amd64 stage-1 2/6] RUN apk --no-cache -U upgrade
#14 CACHED

#15 [citrixhoneypot linux/amd64 stage-1 6/6] WORKDIR /opt/citrixhoneypot/
#15 CACHED

#16 [citrixhoneypot linux/arm64 builder 3/5] RUN git clone https://github.com/t3chn0m4g3/CitrixHoneypot /opt/citrixhoneypot &&     cd /opt/citrixhoneypot &&     git checkout dee32447033a0296d053e8f881bf190f9dd7ad44 &&     mkdir -p /opt/citrixhoneypot/logs /opt/citrixhoneypot/ssl &&     openssl req           -nodes           -x509           -newkey rsa:2048           -keyout "/opt/citrixhoneypot/ssl/key.pem"           -out "/opt/citrixhoneypot/ssl/cert.pem"           -days 365           -subj '/C=AU/ST=Some-State/O=Internet Widgits Pty Ltd' &&     chown 2000:2000 -R ssl/
#16 CACHED

#17 [citrixhoneypot linux/arm64 builder 2/5] RUN apk --no-cache -U upgrade &&     apk --no-cache -U add         build-base 		git 		openssl 		py3-pip 		python3 &&     pip3 install --break-system-packages --no-cache-dir         pyinstaller         python-json-logger
#17 CACHED

#18 [citrixhoneypot linux/arm64 stage-1 4/6] COPY --from=builder /opt/citrixhoneypot/ssl /opt/citrixhoneypot/ssl
#18 CACHED

#19 [citrixhoneypot linux/arm64 builder 4/5] WORKDIR /opt/citrixhoneypot
#19 CACHED

#20 [citrixhoneypot linux/arm64 stage-1 5/6] COPY --from=builder /opt/citrixhoneypot/responses/ /opt/citrixhoneypot/responses
#20 CACHED

#21 [citrixhoneypot linux/arm64 stage-1 3/6] COPY --from=builder /opt/citrixhoneypot/dist/CitrixHoneypot/ /opt/citrixhoneypot
#21 CACHED

#22 [citrixhoneypot linux/arm64 stage-1 2/6] RUN apk --no-cache -U upgrade
#22 CACHED

#23 [citrixhoneypot linux/arm64 builder 5/5] RUN pyinstaller CitrixHoneypot.py
#23 CACHED

#24 [citrixhoneypot linux/arm64 stage-1 6/6] WORKDIR /opt/citrixhoneypot/
#24 CACHED

#25 [citrixhoneypot] exporting to image
#25 exporting layers done
#25 exporting manifest sha256:4bb9bdacd1bd82a006ab7bf6a36d695b82859a236489f390a543749a58f8fd13 done
#25 exporting config sha256:24437233d52c70c86b351c4091cb252f52ffb483433547ca59f8bf0d48c0ba73 done
#25 exporting attestation manifest sha256:3c89772a9fa62e871945ae26e5de02b0e2888d6fc4b1fcb43d30905ac62e4084
#25 exporting attestation manifest sha256:3c89772a9fa62e871945ae26e5de02b0e2888d6fc4b1fcb43d30905ac62e4084 0.0s done
#25 exporting manifest sha256:ba94f0b2ae2479d896d9f206770c3a280586fd6551f62a8490e64e7a7a717628 0.0s done
#25 exporting config sha256:607a140e53bb17499341246faa2c7530537d37b3fced2ab097e3ceb606b71fb9 done
#25 exporting attestation manifest sha256:224d14a8695426aa025378328baeaa52622b474d6697099900321b7c4cb9921a 0.0s done
#25 exporting manifest list sha256:cef5c4210f228bacf54ea92f83c24d488e29d0a53957972c16f185d9e9535f3b
#25 exporting manifest list sha256:cef5c4210f228bacf54ea92f83c24d488e29d0a53957972c16f185d9e9535f3b 0.0s done
#25 pushing layers
#25 ...

#26 [citrixhoneypot auth] f0rc3ps/citrixhoneypot:pull,push token for registry-1.docker.io
#26 DONE 0.0s

#25 [citrixhoneypot] exporting to image
#25 pushing layers 3.6s done
#25 pushing manifest for docker.io/f0rc3ps/citrixhoneypot:24.04.1@sha256:cef5c4210f228bacf54ea92f83c24d488e29d0a53957972c16f185d9e9535f3b
#25 pushing manifest for docker.io/f0rc3ps/citrixhoneypot:24.04.1@sha256:cef5c4210f228bacf54ea92f83c24d488e29d0a53957972c16f185d9e9535f3b 2.3s done
#25 ...

#27 [citrixhoneypot auth] asc3t1c/citrixhoneypot:pull,push token for ghcr.io
#27 DONE 0.0s

#25 [citrixhoneypot] exporting to image
#25 pushing layers 2.6s done
#25 pushing manifest for ghcr.io/asc3t1c/citrixhoneypot:24.04.1@sha256:cef5c4210f228bacf54ea92f83c24d488e29d0a53957972c16f185d9e9535f3b
#25 pushing manifest for ghcr.io/asc3t1c/citrixhoneypot:24.04.1@sha256:cef5c4210f228bacf54ea92f83c24d488e29d0a53957972c16f185d9e9535f3b 2.0s done
#25 DONE 10.7s

#28 [citrixhoneypot] resolving provenance for metadata file
#28 DONE 0.0s
