#0 building with "mybuilder" instance using docker-container driver

#1 [conpot internal] load build definition from Dockerfile
#1 transferring dockerfile: 3.71kB 0.0s done
#1 DONE 0.0s

#2 [conpot linux/arm64 internal] load metadata for docker.io/library/alpine:3.19
#2 ...

#3 [conpot linux/amd64 internal] load metadata for docker.io/library/alpine:3.19
#3 DONE 3.7s

#4 [conpot internal] load .dockerignore
#4 transferring context: 2B done
#4 DONE 0.0s

#2 [conpot linux/arm64 internal] load metadata for docker.io/library/alpine:3.19
#2 DONE 4.1s

#5 [conpot linux/arm64 1/3] FROM docker.io/library/alpine:3.19@sha256:6380aa6b04faa579332d4c9d1f65bd7093012ba6e01d9bbcd5e2d8a4f9fae38f
#5 resolve docker.io/library/alpine:3.19@sha256:6380aa6b04faa579332d4c9d1f65bd7093012ba6e01d9bbcd5e2d8a4f9fae38f 0.0s done
#5 DONE 0.0s

#6 [conpot linux/amd64 1/3] FROM docker.io/library/alpine:3.19@sha256:6380aa6b04faa579332d4c9d1f65bd7093012ba6e01d9bbcd5e2d8a4f9fae38f
#6 resolve docker.io/library/alpine:3.19@sha256:6380aa6b04faa579332d4c9d1f65bd7093012ba6e01d9bbcd5e2d8a4f9fae38f 0.0s done
#6 DONE 0.1s

#7 [conpot internal] load build context
#7 transferring context: 765B 0.0s done
#7 DONE 0.0s

#8 [conpot linux/arm64 2/3] COPY dist/ /root/dist/
#8 CACHED

#9 [conpot linux/arm64 3/3] RUN apk --no-cache -U upgrade &&     apk --no-cache -U add             build-base 			cython 			file 			git 			libev 			libtool 			libcap 			libffi-dev 			libxslt 			libxslt-dev 			mariadb-dev 			pkgconfig 			procps 			python3 			python3-dev 			py3-cffi 			py3-cryptography 			py3-freezegun 			py3-gevent 			py3-lxml 			py3-natsort 			py3-pip 			py3-ply 			py3-psutil 			py3-pycryptodomex 			py3-pytest 			py3-requests 			py3-pyserial 			py3-setuptools 			py3-slugify 			py3-snmp 			py3-sphinx 			py3-wheel 			py3-zope-event 			py3-zope-interface 			wget &&     git clone https://github.com/t3chn0m4g3/cpppo /opt/cpppo &&     cd /opt/cpppo &&     git checkout 350d5187a941e7359c53087dcb1f0e41ece5682c &&     pip3 install --break-system-packages --no-cache-dir --upgrade pip &&     pip3 install --break-system-packages --no-cache-dir . &&     git clone https://github.com/mushorg/conpot /opt/conpot &&     cd /opt/conpot/ && 	git checkout 26c67d11b08a855a28e87abd186d959741f46c7f &&     sed -i 's/port="2121"/port="21"/' /opt/conpot/conpot/templates/default/ftp/ftp.xml &&     sed -i 's/port="8800"/port="80"/' /opt/conpot/conpot/templates/default/http/http.xml &&     sed -i 's/port="6230"/port="623"/' /opt/conpot/conpot/templates/default/ipmi/ipmi.xml &&     sed -i 's/port="5020"/port="502"/' /opt/conpot/conpot/templates/default/modbus/modbus.xml &&     sed -i 's/port="10201"/port="102"/' /opt/conpot/conpot/templates/default/s7comm/s7comm.xml &&     sed -i 's/port="16100"/port="161"/' /opt/conpot/conpot/templates/default/snmp/snmp.xml &&     sed -i 's/port="6969"/port="69"/' /opt/conpot/conpot/templates/default/tftp/tftp.xml &&     sed -i 's/port="16100"/port="161"/' /opt/conpot/conpot/templates/IEC104/snmp/snmp.xml &&     sed -i 's/port="6230"/port="623"/' /opt/conpot/conpot/templates/ipmi/ipmi/ipmi.xml &&     cp /root/dist/requirements.txt . &&     pip3 install --break-system-packages --no-cache-dir . &&     cd / &&     rm -rf /opt/conpot /tmp/* /var/tmp/* &&     setcap cap_net_bind_service=+ep $(readlink -f $(type -P python3)) &&     mkdir -p /etc/conpot /var/log/conpot /usr/share/wireshark &&     wget https://www.wireshark.org/download/automated/data/manuf -o /usr/share/wireshark/manuf &&     cp /root/dist/conpot.cfg /etc/conpot/conpot.cfg &&     cp -R /root/dist/templates /usr/lib/$(readlink -f $(type -P python3) | cut -f4 -d"/")/site-packages/conpot/ &&     cp /root/dist/cpu_check.py / &&     addgroup -g 2000 conpot &&     adduser -S -s /bin/ash -u 2000 -D -g 2000 conpot &&     apk del --purge             build-base             file             git             libev             libtool             libxslt-dev             mariadb-dev             pkgconfig             py3-pip             python3-dev             wget &&     rm -rf /root/*            /tmp/*            /var/cache/apk/*            /opt/cpppo/.git            /opt/conpot/.git
#9 CACHED

#10 [conpot linux/amd64 2/3] COPY dist/ /root/dist/
#10 CACHED

#11 [conpot linux/amd64 3/3] RUN apk --no-cache -U upgrade &&     apk --no-cache -U add             build-base 			cython 			file 			git 			libev 			libtool 			libcap 			libffi-dev 			libxslt 			libxslt-dev 			mariadb-dev 			pkgconfig 			procps 			python3 			python3-dev 			py3-cffi 			py3-cryptography 			py3-freezegun 			py3-gevent 			py3-lxml 			py3-natsort 			py3-pip 			py3-ply 			py3-psutil 			py3-pycryptodomex 			py3-pytest 			py3-requests 			py3-pyserial 			py3-setuptools 			py3-slugify 			py3-snmp 			py3-sphinx 			py3-wheel 			py3-zope-event 			py3-zope-interface 			wget &&     git clone https://github.com/t3chn0m4g3/cpppo /opt/cpppo &&     cd /opt/cpppo &&     git checkout 350d5187a941e7359c53087dcb1f0e41ece5682c &&     pip3 install --break-system-packages --no-cache-dir --upgrade pip &&     pip3 install --break-system-packages --no-cache-dir . &&     git clone https://github.com/mushorg/conpot /opt/conpot &&     cd /opt/conpot/ && 	git checkout 26c67d11b08a855a28e87abd186d959741f46c7f &&     sed -i 's/port="2121"/port="21"/' /opt/conpot/conpot/templates/default/ftp/ftp.xml &&     sed -i 's/port="8800"/port="80"/' /opt/conpot/conpot/templates/default/http/http.xml &&     sed -i 's/port="6230"/port="623"/' /opt/conpot/conpot/templates/default/ipmi/ipmi.xml &&     sed -i 's/port="5020"/port="502"/' /opt/conpot/conpot/templates/default/modbus/modbus.xml &&     sed -i 's/port="10201"/port="102"/' /opt/conpot/conpot/templates/default/s7comm/s7comm.xml &&     sed -i 's/port="16100"/port="161"/' /opt/conpot/conpot/templates/default/snmp/snmp.xml &&     sed -i 's/port="6969"/port="69"/' /opt/conpot/conpot/templates/default/tftp/tftp.xml &&     sed -i 's/port="16100"/port="161"/' /opt/conpot/conpot/templates/IEC104/snmp/snmp.xml &&     sed -i 's/port="6230"/port="623"/' /opt/conpot/conpot/templates/ipmi/ipmi/ipmi.xml &&     cp /root/dist/requirements.txt . &&     pip3 install --break-system-packages --no-cache-dir . &&     cd / &&     rm -rf /opt/conpot /tmp/* /var/tmp/* &&     setcap cap_net_bind_service=+ep $(readlink -f $(type -P python3)) &&     mkdir -p /etc/conpot /var/log/conpot /usr/share/wireshark &&     wget https://www.wireshark.org/download/automated/data/manuf -o /usr/share/wireshark/manuf &&     cp /root/dist/conpot.cfg /etc/conpot/conpot.cfg &&     cp -R /root/dist/templates /usr/lib/$(readlink -f $(type -P python3) | cut -f4 -d"/")/site-packages/conpot/ &&     cp /root/dist/cpu_check.py / &&     addgroup -g 2000 conpot &&     adduser -S -s /bin/ash -u 2000 -D -g 2000 conpot &&     apk del --purge             build-base             file             git             libev             libtool             libxslt-dev             mariadb-dev             pkgconfig             py3-pip             python3-dev             wget &&     rm -rf /root/*            /tmp/*            /var/cache/apk/*            /opt/cpppo/.git            /opt/conpot/.git
#11 CACHED

#12 [conpot] exporting to image
#12 exporting layers
#12 exporting layers done
#12 exporting manifest sha256:7b246befea07460f141672606d959e9c8deac945b35ee0a5d921801a6b0b45c0 done
#12 exporting config sha256:a499f33433afb6d20f924a5616f09894d7c1086cec41c977bab53bd0831cae40 0.0s done
#12 exporting attestation manifest sha256:6b82a8a7b3eb892c0618bfb0731585ebfea52d2d00c69505d860633fb9b0a38f 0.0s done
#12 exporting manifest sha256:d37e88bdf39375f7063eef61dd4d21d3baa4427be723e885cd3c4f50a6d10e81 0.0s done
#12 exporting config sha256:de7a19baad83ccaba0a25c8ee495d4247394db1d97bb61c4e12545c0ad6e9c45 0.0s done
#12 exporting attestation manifest sha256:bf2c7185827ea5baef684bb2a28cf8d6257b2dbf75cc74beecae64e6bf253752 0.0s done
#12 exporting manifest list sha256:38f99cf61d19460844442efbb67e19de458570d8ea21490ed19f3ed9afb5ce08 0.0s done
#12 pushing layers
#12 ...

#13 [conpot auth] f0rc3ps/conpot:pull,push token for registry-1.docker.io
#13 DONE 0.0s

#12 [conpot] exporting to image
#12 pushing layers 4.6s done
#12 pushing manifest for docker.io/f0rc3ps/conpot:24.04.1@sha256:38f99cf61d19460844442efbb67e19de458570d8ea21490ed19f3ed9afb5ce08
#12 pushing manifest for docker.io/f0rc3ps/conpot:24.04.1@sha256:38f99cf61d19460844442efbb67e19de458570d8ea21490ed19f3ed9afb5ce08 6.6s done
#12 pushing layers
#12 ...

#14 [conpot auth] asc3t1c/conpot:pull,push token for ghcr.io
#14 DONE 0.0s

#12 [conpot] exporting to image
#12 pushing layers 3.0s done
#12 pushing manifest for ghcr.io/asc3t1c/conpot:24.04.1@sha256:38f99cf61d19460844442efbb67e19de458570d8ea21490ed19f3ed9afb5ce08
#12 pushing manifest for ghcr.io/asc3t1c/conpot:24.04.1@sha256:38f99cf61d19460844442efbb67e19de458570d8ea21490ed19f3ed9afb5ce08 2.1s done
#12 DONE 16.6s

#15 [conpot] resolving provenance for metadata file
#15 DONE 0.0s
