#0 building with "mybuilder" instance using docker-container driver

#1 [cowrie internal] load build definition from Dockerfile
#1 transferring dockerfile: 2.53kB 0.0s done
#1 DONE 0.0s

#2 [cowrie linux/amd64 internal] load metadata for docker.io/library/alpine:3.20
#2 DONE 3.3s

#3 [cowrie linux/arm64 internal] load metadata for docker.io/library/alpine:3.20
#3 DONE 3.3s

#4 [cowrie internal] load .dockerignore
#4 transferring context: 2B done
#4 DONE 0.0s

#5 [cowrie internal] load build context
#5 DONE 0.0s

#6 [cowrie linux/arm64 1/4] FROM docker.io/library/alpine:3.20@sha256:31687a2fdd021f85955bf2d0c2682e9c0949827560e1db546358ea094f740f12
#6 resolve docker.io/library/alpine:3.20@sha256:31687a2fdd021f85955bf2d0c2682e9c0949827560e1db546358ea094f740f12 0.1s done
#6 DONE 0.1s

#7 [cowrie linux/amd64 1/4] FROM docker.io/library/alpine:3.20@sha256:31687a2fdd021f85955bf2d0c2682e9c0949827560e1db546358ea094f740f12
#7 resolve docker.io/library/alpine:3.20@sha256:31687a2fdd021f85955bf2d0c2682e9c0949827560e1db546358ea094f740f12 0.1s done
#7 DONE 0.1s

#5 [cowrie internal] load build context
#5 transferring context: 101B 0.0s done
#5 DONE 0.0s

#8 [cowrie linux/arm64 3/4] RUN apk --no-cache -U upgrade &&     apk --no-cache -U add 		bash 		build-base 		git 		gmp-dev 		libcap 		libffi-dev 		mpc1-dev 		mpfr-dev 		openssl 		openssl-dev 		py3-appdirs 		py3-asn1-modules 		py3-attrs 		py3-bcrypt 		py3-cryptography 		py3-dateutil 		py3-greenlet 		py3-mysqlclient 		py3-openssl 		py3-packaging 		py3-parsing 		py3-pip 		py3-service_identity 		py3-treq 		py3-twisted 		python3 		python3-dev &&     addgroup -g 2000 cowrie &&     adduser -S -s /bin/ash -u 2000 -D -g 2000 cowrie &&     mkdir -p /home/cowrie &&     cd /home/cowrie &&     git clone https://github.com/cowrie/cowrie &&     cd cowrie &&     git checkout 7b18207485dbfc218082e82c615d948924429973 &&     mkdir -p log &&     pip3 install --break-system-packages --upgrade --no-cache-dir pip &&     pip3 install --break-system-packages --no-cache-dir -r requirements.txt &&     setcap cap_net_bind_service=+ep $(readlink -f $(type -P python3)) &&     cp /root/dist/cowrie.cfg /home/cowrie/cowrie/cowrie.cfg &&     chown cowrie:cowrie -R /home/cowrie/* /usr/lib/$(readlink -f $(type -P python3) | cut -f4 -d"/")/site-packages/twisted/plugins &&     su - cowrie -c "export PYTHONPATH=/home/cowrie/cowrie:/home/cowrie/cowrie/src &&                     cd /home/cowrie/cowrie &&                     /usr/bin/twistd --uid=2000 --gid=2000 -y cowrie.tac --pidfile cowrie.pid cowrie &" &&     sleep 10 &&     rm -rf /home/cowrie/cowrie/etc &&     apk del --purge build-base                     git                     gmp-dev                     libcap                     libffi-dev                     mpc1-dev                     mpfr-dev                     openssl-dev                     python3-dev                     py3-mysqlclient &&     rm -rf /root/* /tmp/*            /var/cache/apk/*            /home/cowrie/cowrie/cowrie.pid            /home/cowrie/cowrie/.git
#8 CACHED

#9 [cowrie linux/arm64 2/4] COPY dist/ /root/dist/
#9 CACHED

#10 [cowrie linux/arm64 4/4] WORKDIR /home/cowrie/cowrie
#10 CACHED

#11 [cowrie linux/amd64 2/4] COPY dist/ /root/dist/
#11 CACHED

#12 [cowrie linux/amd64 3/4] RUN apk --no-cache -U upgrade &&     apk --no-cache -U add 		bash 		build-base 		git 		gmp-dev 		libcap 		libffi-dev 		mpc1-dev 		mpfr-dev 		openssl 		openssl-dev 		py3-appdirs 		py3-asn1-modules 		py3-attrs 		py3-bcrypt 		py3-cryptography 		py3-dateutil 		py3-greenlet 		py3-mysqlclient 		py3-openssl 		py3-packaging 		py3-parsing 		py3-pip 		py3-service_identity 		py3-treq 		py3-twisted 		python3 		python3-dev &&     addgroup -g 2000 cowrie &&     adduser -S -s /bin/ash -u 2000 -D -g 2000 cowrie &&     mkdir -p /home/cowrie &&     cd /home/cowrie &&     git clone https://github.com/cowrie/cowrie &&     cd cowrie &&     git checkout 7b18207485dbfc218082e82c615d948924429973 &&     mkdir -p log &&     pip3 install --break-system-packages --upgrade --no-cache-dir pip &&     pip3 install --break-system-packages --no-cache-dir -r requirements.txt &&     setcap cap_net_bind_service=+ep $(readlink -f $(type -P python3)) &&     cp /root/dist/cowrie.cfg /home/cowrie/cowrie/cowrie.cfg &&     chown cowrie:cowrie -R /home/cowrie/* /usr/lib/$(readlink -f $(type -P python3) | cut -f4 -d"/")/site-packages/twisted/plugins &&     su - cowrie -c "export PYTHONPATH=/home/cowrie/cowrie:/home/cowrie/cowrie/src &&                     cd /home/cowrie/cowrie &&                     /usr/bin/twistd --uid=2000 --gid=2000 -y cowrie.tac --pidfile cowrie.pid cowrie &" &&     sleep 10 &&     rm -rf /home/cowrie/cowrie/etc &&     apk del --purge build-base                     git                     gmp-dev                     libcap                     libffi-dev                     mpc1-dev                     mpfr-dev                     openssl-dev                     python3-dev                     py3-mysqlclient &&     rm -rf /root/* /tmp/*            /var/cache/apk/*            /home/cowrie/cowrie/cowrie.pid            /home/cowrie/cowrie/.git
#12 CACHED

#13 [cowrie linux/amd64 4/4] WORKDIR /home/cowrie/cowrie
#13 CACHED

#14 [cowrie] exporting to image
#14 exporting layers done
#14 exporting manifest sha256:c33caca09e0b5b268dca8ec7afd4c300327b00e7cf49dad138d1787512fa1308 0.0s done
#14 exporting config sha256:bddc76ab67317fe03b8b76186e8c81c554a0ddc4e0ff1f1c9372cb23c0b1b2b7 0.0s done
#14 exporting attestation manifest sha256:276d26d25fdf7a074b3cad5baf1348985e73fee723474cb693da22f2379b7095 0.0s done
#14 exporting manifest sha256:8ee7051c2636481629f5c3c9b9ac88e707fc39d0419b750a2fc02cf4abcc6a9e done
#14 exporting config sha256:929d57ebff50e339ce99548b87d246798c888c7a1398b4f94892396f734eeb21 done
#14 exporting attestation manifest sha256:2e9f0ee9c3f068facbade04f8aabdc071e5cb145ab08ac9e072929d74dbd7978 0.0s done
#14 exporting manifest list sha256:e6ff6af8a5c32634ddda53eb59dd45ddf1a0f0a75806f6de3abdfa034eba7005
#14 exporting manifest list sha256:e6ff6af8a5c32634ddda53eb59dd45ddf1a0f0a75806f6de3abdfa034eba7005 0.0s done
#14 pushing layers
#14 ...

#15 [cowrie auth] f0rc3ps/cowrie:pull,push token for registry-1.docker.io
#15 DONE 0.0s

#14 [cowrie] exporting to image
#14 pushing layers 6.4s done
#14 pushing manifest for docker.io/f0rc3ps/cowrie:24.04.1@sha256:e6ff6af8a5c32634ddda53eb59dd45ddf1a0f0a75806f6de3abdfa034eba7005
#14 pushing manifest for docker.io/f0rc3ps/cowrie:24.04.1@sha256:e6ff6af8a5c32634ddda53eb59dd45ddf1a0f0a75806f6de3abdfa034eba7005 4.9s done
#14 ...

#16 [cowrie auth] asc3t1c/cowrie:pull,push token for ghcr.io
#16 DONE 0.0s

#14 [cowrie] exporting to image
#14 pushing layers 3.0s done
#14 pushing manifest for ghcr.io/asc3t1c/cowrie:24.04.1@sha256:e6ff6af8a5c32634ddda53eb59dd45ddf1a0f0a75806f6de3abdfa034eba7005
#14 pushing manifest for ghcr.io/asc3t1c/cowrie:24.04.1@sha256:e6ff6af8a5c32634ddda53eb59dd45ddf1a0f0a75806f6de3abdfa034eba7005 2.2s done
#14 DONE 16.8s

#17 [cowrie] resolving provenance for metadata file
#17 DONE 0.0s
