Compose now can delegate build to bake for better performances
Just set COMPOSE_BAKE=true
#0 building with "mybuilder" instance using docker-container driver

#1 [ddospot internal] load build definition from Dockerfile
#1 transferring dockerfile: 2.01kB 0.0s done
#1 DONE 0.0s

#2 [ddospot linux/arm64 internal] load metadata for docker.io/library/alpine:3.20
#2 ...

#3 [ddospot linux/amd64 internal] load metadata for docker.io/library/alpine:3.20
#3 DONE 0.2s

#2 [ddospot linux/arm64 internal] load metadata for docker.io/library/alpine:3.20
#2 DONE 0.2s

#4 [ddospot internal] load .dockerignore
#4 transferring context: 2B done
#4 DONE 0.0s

#5 [ddospot linux/amd64 builder 1/5] FROM docker.io/library/alpine:3.20@sha256:de4fe7064d8f98419ea6b49190df1abbf43450c1702eeb864fe9ced453c1cc5f
#5 resolve docker.io/library/alpine:3.20@sha256:de4fe7064d8f98419ea6b49190df1abbf43450c1702eeb864fe9ced453c1cc5f
#5 ...

#6 [ddospot linux/arm64 builder 1/5] FROM docker.io/library/alpine:3.20@sha256:de4fe7064d8f98419ea6b49190df1abbf43450c1702eeb864fe9ced453c1cc5f
#6 resolve docker.io/library/alpine:3.20@sha256:de4fe7064d8f98419ea6b49190df1abbf43450c1702eeb864fe9ced453c1cc5f 0.0s done
#6 DONE 0.0s

#7 [ddospot internal] load build context
#7 transferring context: 159B 0.0s done
#7 DONE 0.0s

#8 [ddospot linux/arm64 stage-1 2/6] RUN apk --no-cache -U upgrade
#8 CACHED

#9 [ddospot linux/arm64 builder 4/5] WORKDIR /opt/ddospot/ddospot
#9 CACHED

#10 [ddospot linux/arm64 builder 2/5] COPY dist/ /root/dist/
#10 CACHED

#11 [ddospot linux/arm64 stage-1 3/6] COPY --from=builder /opt/ddospot/ddospot/dist/ddospot/ /opt/ddospot/ddospot
#11 CACHED

#12 [ddospot linux/arm64 builder 3/5] RUN apk --no-cache -U upgrade &&     apk --no-cache -U add 		build-base 		git 		py3-colorama 		py3-greenlet 		py3-pip 		py3-schedule 		py3-sqlalchemy 		py3-twisted 		py3-wheel 		python3 		python3-dev &&     mkdir -p /opt &&     cd /opt/ &&     git clone https://github.com/t3chn0m4g3/ddospot &&     cd ddospot &&     git checkout 66b94f3cf56c66e2e26b55feff9e65493cfadf3c &&     cp /root/dist/requirements.txt . &&     pip3 install --break-system-packages -r ddospot/requirements.txt &&     pip3 install --break-system-packages pyinstaller
#12 CACHED

#13 [ddospot linux/arm64 stage-1 4/6] COPY --from=builder /opt/ddospot/ddospot/global.conf /opt/ddospot/ddospot/
#13 CACHED

#14 [ddospot linux/arm64 stage-1 5/6] COPY --from=builder /opt/ddospot/ddospot/pots /opt/ddospot/ddospot/pots
#14 CACHED

#15 [ddospot linux/arm64 builder 5/5] RUN pyinstaller ddospot.py        --add-data "core:core"        --hidden-import core        --hidden-import cmd        --hidden-import configparser        --hidden-import colorama        --hidden-import tabulate        --hidden-import logging.handlers        --hidden-import hpfeeds        --hidden-import json        --hidden-import http.server        --hidden-import sys        --hidden-import sqlalchemy        --hidden-import sqlalchemy.ext.declarative        --hidden-import schedule        --hidden-import twisted        --hidden-import twisted.internet        --hidden-import twisted.internet.reactor        --hidden-import twisted.names.client        --hidden-import twisted.names.server        --hidden-import twisted.python        --hidden-import OpenSSL.crypto        --hidden-import OpenSSL.SSL
#15 CACHED

#16 [ddospot linux/arm64 stage-1 6/6] WORKDIR /opt/ddospot/ddospot
#16 CACHED

#17 [ddospot linux/amd64 stage-1 4/6] COPY --from=builder /opt/ddospot/ddospot/global.conf /opt/ddospot/ddospot/
#17 CACHED

#18 [ddospot linux/amd64 builder 4/5] WORKDIR /opt/ddospot/ddospot
#18 CACHED

#19 [ddospot linux/amd64 builder 3/5] RUN apk --no-cache -U upgrade &&     apk --no-cache -U add 		build-base 		git 		py3-colorama 		py3-greenlet 		py3-pip 		py3-schedule 		py3-sqlalchemy 		py3-twisted 		py3-wheel 		python3 		python3-dev &&     mkdir -p /opt &&     cd /opt/ &&     git clone https://github.com/t3chn0m4g3/ddospot &&     cd ddospot &&     git checkout 66b94f3cf56c66e2e26b55feff9e65493cfadf3c &&     cp /root/dist/requirements.txt . &&     pip3 install --break-system-packages -r ddospot/requirements.txt &&     pip3 install --break-system-packages pyinstaller
#19 CACHED

#20 [ddospot linux/amd64 stage-1 5/6] COPY --from=builder /opt/ddospot/ddospot/pots /opt/ddospot/ddospot/pots
#20 CACHED

#21 [ddospot linux/amd64 builder 5/5] RUN pyinstaller ddospot.py        --add-data "core:core"        --hidden-import core        --hidden-import cmd        --hidden-import configparser        --hidden-import colorama        --hidden-import tabulate        --hidden-import logging.handlers        --hidden-import hpfeeds        --hidden-import json        --hidden-import http.server        --hidden-import sys        --hidden-import sqlalchemy        --hidden-import sqlalchemy.ext.declarative        --hidden-import schedule        --hidden-import twisted        --hidden-import twisted.internet        --hidden-import twisted.internet.reactor        --hidden-import twisted.names.client        --hidden-import twisted.names.server        --hidden-import twisted.python        --hidden-import OpenSSL.crypto        --hidden-import OpenSSL.SSL
#21 CACHED

#22 [ddospot linux/amd64 stage-1 3/6] COPY --from=builder /opt/ddospot/ddospot/dist/ddospot/ /opt/ddospot/ddospot
#22 CACHED

#23 [ddospot linux/amd64 builder 2/5] COPY dist/ /root/dist/
#23 CACHED

#24 [ddospot linux/amd64 stage-1 2/6] RUN apk --no-cache -U upgrade
#24 CACHED

#25 [ddospot linux/amd64 stage-1 6/6] WORKDIR /opt/ddospot/ddospot
#25 CACHED

#26 [ddospot] exporting to image
#26 exporting layers done
#26 exporting manifest sha256:2b8d5767980647a6442e9985f904d9c19301ef4b80b746111d624effaaf27abc done
#26 exporting config sha256:58da61679fe153da73ade9418abd42e0905731681fd445152cf5d1853e542e66
#26 exporting config sha256:58da61679fe153da73ade9418abd42e0905731681fd445152cf5d1853e542e66 done
#26 exporting attestation manifest sha256:47c60a188c7b83adeba070af54e343c5ca88545480a3586bba0418984b5df8b0 0.0s done
#26 exporting manifest sha256:a0acf6b13e4139715c19534069e1d2ccd6a060ebeb26536f1d2082be4423de76 done
#26 exporting config sha256:9bc4a14a57bd75b268b0592847d3797af4df18738fd3954e635d6fa1dd3ab193 done
#26 exporting attestation manifest sha256:f522c11c43b41527b668f6ee69475b90edad6b39f4c947e2b2099be8a241545d 0.0s done
#26 exporting manifest list sha256:21717c7ffd67c1000dda5becf9c17ae347dd707c503ab4098933d5ca5f30d115 done
#26 pushing layers
#26 ...

#27 [ddospot auth] f0rc3ps/ddospot:pull,push token for registry-1.docker.io
#27 DONE 0.0s

#26 [ddospot] exporting to image
#26 pushing layers 3.1s done
#26 pushing manifest for docker.io/f0rc3ps/ddospot:24.04.1@sha256:21717c7ffd67c1000dda5becf9c17ae347dd707c503ab4098933d5ca5f30d115
#26 pushing manifest for docker.io/f0rc3ps/ddospot:24.04.1@sha256:21717c7ffd67c1000dda5becf9c17ae347dd707c503ab4098933d5ca5f30d115 2.2s done
#26 ...

#28 [ddospot auth] asc3t1c/ddospot:pull,push token for ghcr.io
#28 DONE 0.0s

#26 [ddospot] exporting to image
#26 pushing layers 3.1s done
#26 pushing manifest for ghcr.io/asc3t1c/ddospot:24.04.1@sha256:21717c7ffd67c1000dda5becf9c17ae347dd707c503ab4098933d5ca5f30d115
#26 pushing manifest for ghcr.io/asc3t1c/ddospot:24.04.1@sha256:21717c7ffd67c1000dda5becf9c17ae347dd707c503ab4098933d5ca5f30d115 2.1s done
#26 DONE 10.6s

#29 [ddospot] resolving provenance for metadata file
#29 DONE 0.0s
