#0 building with "mybuilder" instance using docker-container driver

#1 [endlessh internal] load build definition from Dockerfile
#1 transferring dockerfile: 654B 0.0s done
#1 DONE 0.0s

#2 [endlessh linux/arm64 internal] load metadata for docker.io/library/alpine:3.20
#2 ...

#3 [endlessh linux/amd64 internal] load metadata for docker.io/library/alpine:3.20
#3 DONE 0.5s

#2 [endlessh linux/arm64 internal] load metadata for docker.io/library/alpine:3.20
#2 DONE 0.5s

#4 [endlessh linux/amd64 internal] load metadata for docker.io/library/alpine:3.16
#4 DONE 0.7s

#5 [endlessh linux/arm64 internal] load metadata for docker.io/library/alpine:3.16
#5 ...

#6 [endlessh internal] load .dockerignore
#6 transferring context: 2B done
#6 DONE 0.0s

#5 [endlessh linux/arm64 internal] load metadata for docker.io/library/alpine:3.16
#5 DONE 1.0s

#7 [endlessh linux/amd64 stage-1 1/4] FROM docker.io/library/alpine:3.20@sha256:31687a2fdd021f85955bf2d0c2682e9c0949827560e1db546358ea094f740f12
#7 resolve docker.io/library/alpine:3.20@sha256:31687a2fdd021f85955bf2d0c2682e9c0949827560e1db546358ea094f740f12 0.0s done
#7 DONE 0.0s

#8 [endlessh linux/arm64 builder 1/3] FROM docker.io/library/alpine:3.16@sha256:452e7292acee0ee16c332324d7de05fa2c99f9994ecc9f0779c602916a672ae4
#8 resolve docker.io/library/alpine:3.16@sha256:452e7292acee0ee16c332324d7de05fa2c99f9994ecc9f0779c602916a672ae4 0.0s done
#8 DONE 0.0s

#9 [endlessh linux/amd64 builder 1/3] FROM docker.io/library/alpine:3.16@sha256:452e7292acee0ee16c332324d7de05fa2c99f9994ecc9f0779c602916a672ae4
#9 resolve docker.io/library/alpine:3.16@sha256:452e7292acee0ee16c332324d7de05fa2c99f9994ecc9f0779c602916a672ae4 0.0s done
#9 DONE 0.1s

#10 [endlessh linux/arm64 stage-1 1/4] FROM docker.io/library/alpine:3.20@sha256:31687a2fdd021f85955bf2d0c2682e9c0949827560e1db546358ea094f740f12
#10 resolve docker.io/library/alpine:3.20@sha256:31687a2fdd021f85955bf2d0c2682e9c0949827560e1db546358ea094f740f12 0.0s done
#10 DONE 0.1s

#11 [endlessh internal] load build context
#11 transferring context: 64B done
#11 DONE 0.0s

#12 [endlessh linux/arm64 builder 2/3] COPY dist/ /root/dist/
#12 CACHED

#13 [endlessh linux/arm64 stage-1 2/4] RUN apk --no-cache -U upgrade
#13 CACHED

#14 [endlessh linux/arm64 stage-1 3/4] COPY --from=builder /root/dist/* /opt/endlessh/
#14 CACHED

#15 [endlessh linux/arm64 builder 3/3] RUN apk -U add --no-cache 		build-base 		git 		libcap &&     git clone https://github.com/skeeto/endlessh /opt/endlessh &&     cd /opt/endlessh &&     git checkout dfe44eb2c5b6fc3c48a39ed826fe0e4459cdf6ef &&     make &&     mv /opt/endlessh/endlessh /root/dist
#15 CACHED

#16 [endlessh linux/arm64 stage-1 4/4] WORKDIR /opt/endlessh/
#16 CACHED

#17 [endlessh linux/amd64 stage-1 2/4] RUN apk --no-cache -U upgrade
#17 CACHED

#18 [endlessh linux/amd64 stage-1 3/4] COPY --from=builder /root/dist/* /opt/endlessh/
#18 CACHED

#19 [endlessh linux/amd64 builder 3/3] RUN apk -U add --no-cache 		build-base 		git 		libcap &&     git clone https://github.com/skeeto/endlessh /opt/endlessh &&     cd /opt/endlessh &&     git checkout dfe44eb2c5b6fc3c48a39ed826fe0e4459cdf6ef &&     make &&     mv /opt/endlessh/endlessh /root/dist
#19 CACHED

#20 [endlessh linux/amd64 builder 2/3] COPY dist/ /root/dist/
#20 CACHED

#21 [endlessh linux/amd64 stage-1 4/4] WORKDIR /opt/endlessh/
#21 CACHED

#22 [endlessh] exporting to image
#22 exporting layers done
#22 exporting manifest sha256:d6a19c554614d4922e5f38ba7e4802a8b95f8b7fbecd70c58b04761808e5965b done
#22 exporting config sha256:4a919f0de90842dece1cd4096a1b0dc1b54dc19de0f8eae567e663149fd820eb done
#22 exporting attestation manifest sha256:c61df000b4cc7266da05e23509c2823cf851df7b18424f38f8c30b9389457609 0.0s done
#22 exporting manifest sha256:41ddc832b8ec66e5330b227e91d460f2595007ee614d97d5ecc5f69f9cc1f496 done
#22 exporting config sha256:55e289f947a25b6cce8a851d9a1ce32892914dbae4ea2a4506edf4217f9ffc80 done
#22 exporting attestation manifest sha256:b6d2599768110ee5d98df4ff22bcab189983c3275d1d621411b7c7fc3b328d76 0.0s done
#22 exporting manifest list sha256:faced6cff0bfe801b8be6d2aabcb28ba8afbbb7583a8e00ec226f4d326544306 0.0s done
#22 pushing layers
#22 ...

#23 [endlessh auth] f0rc3ps/endlessh:pull,push token for registry-1.docker.io
#23 DONE 0.0s

#22 [endlessh] exporting to image
#22 pushing layers 5.5s done
#22 pushing manifest for docker.io/f0rc3ps/endlessh:24.04.1@sha256:faced6cff0bfe801b8be6d2aabcb28ba8afbbb7583a8e00ec226f4d326544306
#22 pushing manifest for docker.io/f0rc3ps/endlessh:24.04.1@sha256:faced6cff0bfe801b8be6d2aabcb28ba8afbbb7583a8e00ec226f4d326544306 7.0s done
#22 pushing layers
#22 ...

#24 [endlessh auth] asc3t1c/endlessh:pull,push token for ghcr.io
#24 DONE 0.0s

#22 [endlessh] exporting to image
#22 pushing layers 2.0s done
#22 pushing manifest for ghcr.io/asc3t1c/endlessh:24.04.1@sha256:faced6cff0bfe801b8be6d2aabcb28ba8afbbb7583a8e00ec226f4d326544306
#22 pushing manifest for ghcr.io/asc3t1c/endlessh:24.04.1@sha256:faced6cff0bfe801b8be6d2aabcb28ba8afbbb7583a8e00ec226f4d326544306 1.7s done
#22 DONE 16.2s

#25 [endlessh] resolving provenance for metadata file
#25 DONE 0.0s
