#0 building with "mybuilder" instance using docker-container driver

#1 [galah internal] load build definition from Dockerfile
#1 transferring dockerfile: 585B 0.0s done
#1 DONE 0.0s

#2 [galah linux/amd64 internal] load metadata for docker.io/library/golang:1.23-alpine
#2 ...

#3 [galah linux/amd64 internal] load metadata for docker.io/library/alpine:3.20
#3 DONE 0.8s

#4 [galah linux/arm64 internal] load metadata for docker.io/library/golang:1.23-alpine
#4 DONE 0.8s

#5 [galah linux/arm64 internal] load metadata for docker.io/library/alpine:3.20
#5 ...

#2 [galah linux/amd64 internal] load metadata for docker.io/library/golang:1.23-alpine
#2 DONE 1.3s

#6 [galah internal] load .dockerignore
#6 transferring context: 2B 0.0s done
#6 DONE 0.0s

#5 [galah linux/arm64 internal] load metadata for docker.io/library/alpine:3.20
#5 DONE 1.5s

#7 [galah linux/arm64 builder 1/4] FROM docker.io/library/golang:1.23-alpine@sha256:2c49857f2295e89b23b28386e57e018a86620a8fede5003900f2d138ba9c4037
#7 resolve docker.io/library/golang:1.23-alpine@sha256:2c49857f2295e89b23b28386e57e018a86620a8fede5003900f2d138ba9c4037 0.0s done
#7 DONE 0.0s

#8 [galah linux/arm64 stage-1 1/4] FROM docker.io/library/alpine:3.20@sha256:31687a2fdd021f85955bf2d0c2682e9c0949827560e1db546358ea094f740f12
#8 resolve docker.io/library/alpine:3.20@sha256:31687a2fdd021f85955bf2d0c2682e9c0949827560e1db546358ea094f740f12 0.1s done
#8 DONE 0.1s

#9 [galah linux/amd64 stage-1 1/4] FROM docker.io/library/alpine:3.20@sha256:31687a2fdd021f85955bf2d0c2682e9c0949827560e1db546358ea094f740f12
#9 resolve docker.io/library/alpine:3.20@sha256:31687a2fdd021f85955bf2d0c2682e9c0949827560e1db546358ea094f740f12 0.1s done
#9 DONE 0.1s

#10 [galah linux/arm64 builder 4/4] RUN <<EOF (go mod download...)
#10 CACHED

#11 [galah linux/arm64 builder 3/4] WORKDIR /opt/galah
#11 CACHED

#12 [galah linux/arm64 stage-1 2/4] RUN apk --no-cache -U upgrade &&     apk --no-cache -U add openssl
#12 CACHED

#13 [galah linux/arm64 builder 2/4] RUN <<EOF (apk --no-cache -U upgrade...)
#13 CACHED

#14 [galah linux/arm64 stage-1 3/4] COPY --from=builder /opt/galah/ /opt/galah/
#14 CACHED

#15 [galah linux/arm64 stage-1 4/4] WORKDIR /opt/galah
#15 CACHED

#16 [galah linux/amd64 builder 1/4] FROM docker.io/library/golang:1.23-alpine@sha256:2c49857f2295e89b23b28386e57e018a86620a8fede5003900f2d138ba9c4037
#16 resolve docker.io/library/golang:1.23-alpine@sha256:2c49857f2295e89b23b28386e57e018a86620a8fede5003900f2d138ba9c4037 0.1s done
#16 DONE 0.1s

#17 [galah linux/amd64 builder 2/4] RUN <<EOF (apk --no-cache -U upgrade...)
#17 CACHED

#18 [galah linux/amd64 builder 4/4] RUN <<EOF (go mod download...)
#18 CACHED

#19 [galah linux/amd64 stage-1 3/4] COPY --from=builder /opt/galah/ /opt/galah/
#19 CACHED

#20 [galah linux/amd64 builder 3/4] WORKDIR /opt/galah
#20 CACHED

#21 [galah linux/amd64 stage-1 2/4] RUN apk --no-cache -U upgrade &&     apk --no-cache -U add openssl
#21 CACHED

#22 [galah linux/amd64 stage-1 4/4] WORKDIR /opt/galah
#22 CACHED

#23 [galah] exporting to image
#23 exporting layers done
#23 exporting manifest sha256:3568b767af2f86232bf115b0c5adafdb94a00e23404fb2e4832e53111afe52a2 done
#23 exporting config sha256:a71489885e8c69a774627a86b6ed161dbb2598822aef698af5f50b38df02b50a done
#23 exporting attestation manifest sha256:7ee2cbcc7abebe3cb6b944d4eb10dd136e8e40201c71f70241544d96716ed5c4 0.0s done
#23 exporting manifest sha256:73624f319fca47ebbc1c5e137b3742518d0ac5cbd6f7c1ba7a9f5b9621968fb7 done
#23 exporting config sha256:601c6197f3400aebc6e99f9c5d800b04be0aad7d913ffd79f40a04ec6622a42c done
#23 exporting attestation manifest sha256:57ce7f55f284f84a8c16327142fe889faf807b82f0a2a68a7c2f42d202a0f2e3 0.0s done
#23 exporting manifest list sha256:a610b5ad298391e228ff82cea328ac7ef7ace5cd469883454c282c108798c9c4 0.0s done
#23 pushing layers
#23 ...

#24 [galah auth] f0rc3ps/galah:pull,push token for registry-1.docker.io
#24 DONE 0.0s

#23 [galah] exporting to image
#23 pushing layers 6.9s done
#23 pushing manifest for docker.io/f0rc3ps/galah:24.04.1@sha256:a610b5ad298391e228ff82cea328ac7ef7ace5cd469883454c282c108798c9c4
#23 pushing manifest for docker.io/f0rc3ps/galah:24.04.1@sha256:a610b5ad298391e228ff82cea328ac7ef7ace5cd469883454c282c108798c9c4 6.8s done
#23 pushing layers
#23 ...

#25 [galah auth] asc3t1c/galah:pull,push token for ghcr.io
#25 DONE 0.0s

#23 [galah] exporting to image
#23 pushing layers 2.6s done
#23 pushing manifest for ghcr.io/asc3t1c/galah:24.04.1@sha256:a610b5ad298391e228ff82cea328ac7ef7ace5cd469883454c282c108798c9c4
#23 pushing manifest for ghcr.io/asc3t1c/galah:24.04.1@sha256:a610b5ad298391e228ff82cea328ac7ef7ace5cd469883454c282c108798c9c4 2.1s done
#23 DONE 18.4s

#26 [galah] resolving provenance for metadata file
#26 DONE 0.0s
