#0 building with "mybuilder" instance using docker-container driver

#1 [glutton internal] load build definition from Dockerfile
#1 transferring dockerfile: 1.21kB 0.0s done
#1 DONE 0.0s

#2 [glutton linux/amd64 internal] load metadata for docker.io/library/alpine:3.20
#2 ...

#3 [glutton linux/amd64 internal] load metadata for docker.io/library/golang:1.23-alpine
#3 DONE 0.4s

#4 [glutton linux/arm64 internal] load metadata for docker.io/library/alpine:3.20
#4 DONE 0.4s

#5 [glutton linux/arm64 internal] load metadata for docker.io/library/golang:1.23-alpine
#5 ...

#2 [glutton linux/amd64 internal] load metadata for docker.io/library/alpine:3.20
#2 DONE 0.6s

#6 [glutton internal] load .dockerignore
#6 transferring context: 2B done
#6 DONE 0.0s

#5 [glutton linux/arm64 internal] load metadata for docker.io/library/golang:1.23-alpine
#5 DONE 0.9s

#7 [glutton linux/arm64 builder 1/4] FROM docker.io/library/golang:1.23-alpine@sha256:2c49857f2295e89b23b28386e57e018a86620a8fede5003900f2d138ba9c4037
#7 resolve docker.io/library/golang:1.23-alpine@sha256:2c49857f2295e89b23b28386e57e018a86620a8fede5003900f2d138ba9c4037 0.0s done
#7 DONE 0.0s

#8 [glutton linux/arm64 stage-1 1/4] FROM docker.io/library/alpine:3.20@sha256:31687a2fdd021f85955bf2d0c2682e9c0949827560e1db546358ea094f740f12
#8 DONE 0.1s

#9 [glutton linux/amd64 stage-1 1/4] FROM docker.io/library/alpine:3.20@sha256:31687a2fdd021f85955bf2d0c2682e9c0949827560e1db546358ea094f740f12
#9 resolve docker.io/library/alpine:3.20@sha256:31687a2fdd021f85955bf2d0c2682e9c0949827560e1db546358ea094f740f12 0.1s done
#9 DONE 0.1s

#10 [glutton linux/amd64 builder 1/4] FROM docker.io/library/golang:1.23-alpine@sha256:2c49857f2295e89b23b28386e57e018a86620a8fede5003900f2d138ba9c4037
#10 resolve docker.io/library/golang:1.23-alpine@sha256:2c49857f2295e89b23b28386e57e018a86620a8fede5003900f2d138ba9c4037 0.1s done
#10 DONE 0.1s

#11 [glutton internal] load build context
#11 transferring context: 131B 0.0s done
#11 DONE 0.0s

#12 [glutton linux/amd64 builder 2/3] COPY dist/ /root/dist/
#12 CACHED

#13 [glutton linux/amd64 stage-1 3/5] COPY --from=builder /opt/glutton/config /opt/glutton/config
#13 CACHED

#14 [glutton linux/amd64 builder 3/3] RUN apk --no-cache -U upgrade && 	apk -U --no-cache add 		make   		git 		g++ 		iptables-dev 		libpcap-dev &&     mkdir -p /opt/ &&     cd /opt/ &&     git clone https://github.com/mushorg/glutton &&     cd /opt/glutton/ &&     git checkout b3b5944b79893ccb1da19e112571674841bbe124 &&     cp /root/dist/system.go . &&     make build && 	cp /root/dist/*.yaml /opt/glutton/config/
#14 CACHED

#15 [glutton linux/amd64 stage-1 2/5] COPY --from=builder /opt/glutton/bin /opt/glutton/bin
#15 CACHED

#16 [glutton linux/amd64 stage-1 4/5] RUN apk -U --no-cache upgrade && 	apk -U --no-cache add 		iptables 		libcap   		libpcap-dev && 		setcap cap_net_admin,cap_net_raw=+ep /opt/glutton/bin/server && 		setcap cap_net_admin,cap_net_raw=+ep /sbin/xtables-nft-multi && 		mkdir -p /var/log/glutton 		         /opt/glutton/payloads
#16 CACHED

#17 [glutton linux/arm64 builder 2/3] COPY dist/ /root/dist/
#17 CACHED

#18 [glutton linux/arm64 stage-1 2/5] COPY --from=builder /opt/glutton/bin /opt/glutton/bin
#18 CACHED

#19 [glutton linux/arm64 stage-1 4/5] RUN apk -U --no-cache upgrade && 	apk -U --no-cache add 		iptables 		libcap   		libpcap-dev && 		setcap cap_net_admin,cap_net_raw=+ep /opt/glutton/bin/server && 		setcap cap_net_admin,cap_net_raw=+ep /sbin/xtables-nft-multi && 		mkdir -p /var/log/glutton 		         /opt/glutton/payloads
#19 CACHED

#20 [glutton linux/arm64 stage-1 3/5] COPY --from=builder /opt/glutton/config /opt/glutton/config
#20 CACHED

#21 [glutton linux/arm64 builder 3/3] RUN apk --no-cache -U upgrade && 	apk -U --no-cache add 		make   		git 		g++ 		iptables-dev 		libpcap-dev &&     mkdir -p /opt/ &&     cd /opt/ &&     git clone https://github.com/mushorg/glutton &&     cd /opt/glutton/ &&     git checkout b3b5944b79893ccb1da19e112571674841bbe124 &&     cp /root/dist/system.go . &&     make build && 	cp /root/dist/*.yaml /opt/glutton/config/
#21 CACHED

#22 [glutton linux/arm64 stage-1 5/5] WORKDIR /opt/glutton
#22 CACHED

#23 [glutton linux/amd64 stage-1 5/5] WORKDIR /opt/glutton
#23 CACHED

#24 [glutton] exporting to image
#24 exporting layers done
#24 exporting manifest sha256:0d2383f5e3e88429e83b9cfa21b2bcc84fa906742acb9d4fc549a31dfbb0773d done
#24 exporting config sha256:3074e7bf5bc1528c600c296b88af481cfa35448e77db895051612bb84aff0365 done
#24 exporting attestation manifest sha256:4c1829f380d3ac49cb45628c652841dc7ab87c7701faa2ebbd55f637cfc427a8
#24 exporting attestation manifest sha256:4c1829f380d3ac49cb45628c652841dc7ab87c7701faa2ebbd55f637cfc427a8 0.0s done
#24 exporting manifest sha256:3c5766c0a6feaa54f0e97711961f435afa8bbfaa68602d4eb6fb810f32ec8da7 done
#24 exporting config sha256:783b45ea8a75c8ab01f40818c0d002b7241ed4a589e3ff1c751b9bed3e483a2a done
#24 exporting attestation manifest sha256:8d48a2a6b3da70a7c65f59dc0a88473ec45323fe8e95cdbf8a937e935ad34677 0.0s done
#24 exporting manifest list sha256:632cd867575da14e244f73277b42065fb919d9153c74ad1a6f098190f4a263e7 0.0s done
#24 pushing layers
#24 ...

#25 [glutton auth] f0rc3ps/glutton:pull,push token for registry-1.docker.io
#25 DONE 0.0s

#24 [glutton] exporting to image
#24 pushing layers 7.3s done
#24 pushing manifest for docker.io/f0rc3ps/glutton:24.04.1@sha256:632cd867575da14e244f73277b42065fb919d9153c74ad1a6f098190f4a263e7
#24 pushing manifest for docker.io/f0rc3ps/glutton:24.04.1@sha256:632cd867575da14e244f73277b42065fb919d9153c74ad1a6f098190f4a263e7 5.8s done
#24 pushing layers
#24 ...

#26 [glutton auth] asc3t1c/glutton:pull,push token for ghcr.io
#26 DONE 0.0s

#24 [glutton] exporting to image
#24 pushing layers 3.5s done
#24 pushing manifest for ghcr.io/asc3t1c/glutton:24.04.1@sha256:632cd867575da14e244f73277b42065fb919d9153c74ad1a6f098190f4a263e7
#24 pushing manifest for ghcr.io/asc3t1c/glutton:24.04.1@sha256:632cd867575da14e244f73277b42065fb919d9153c74ad1a6f098190f4a263e7 2.1s done
#24 DONE 18.8s

#27 [glutton] resolving provenance for metadata file
#27 DONE 0.0s
