#0 building with "mybuilder" instance using docker-container driver

#1 [heralding internal] load build definition from Dockerfile
#1 transferring dockerfile: 1.71kB 0.0s done
#1 DONE 0.0s

#2 [heralding linux/amd64 internal] load metadata for docker.io/library/alpine:3.20
#2 DONE 0.3s

#3 [heralding linux/arm64 internal] load metadata for docker.io/library/alpine:3.20
#3 ...

#4 [heralding internal] load .dockerignore
#4 transferring context: 2B done
#4 DONE 0.0s

#3 [heralding linux/arm64 internal] load metadata for docker.io/library/alpine:3.20
#3 DONE 0.5s

#5 [heralding linux/amd64 1/4] FROM docker.io/library/alpine:3.20@sha256:31687a2fdd021f85955bf2d0c2682e9c0949827560e1db546358ea094f740f12
#5 resolve docker.io/library/alpine:3.20@sha256:31687a2fdd021f85955bf2d0c2682e9c0949827560e1db546358ea094f740f12 0.0s done
#5 DONE 0.0s

#6 [heralding linux/arm64 1/4] FROM docker.io/library/alpine:3.20@sha256:31687a2fdd021f85955bf2d0c2682e9c0949827560e1db546358ea094f740f12
#6 resolve docker.io/library/alpine:3.20@sha256:31687a2fdd021f85955bf2d0c2682e9c0949827560e1db546358ea094f740f12 0.0s done
#6 DONE 0.0s

#7 [heralding internal] load build context
#7 transferring context: 104B done
#7 DONE 0.0s

#8 [heralding linux/amd64 3/4] RUN apk --no-cache -U upgrade && 	apk --no-cache -U add 		build-base 		git 		libcap 		libffi-dev 		openssl-dev 		py3-pyzmq 		postgresql-dev 		py3-attrs 		py3-mysqlclient 		py3-nose 		py3-pip 		py3-psycopg2 		py3-pycryptodome 		py3-pyzmq 		py3-requests 		py3-rsa 		py3-typing-extensions 		py3-wheel 		py3-yaml 		python3 		python3-dev &&     mkdir -p /opt &&     cd /opt/ &&     git clone https://github.com/johnnykv/heralding &&     cd heralding &&     git checkout ac12724ab38c4e2fe78f07d1bc35e6e586ba69c0 &&     cp /root/dist/requirements.txt . &&     pip3 install --break-system-packages --no-cache-dir --upgrade pip &&     pip3 install --break-system-packages --no-cache-dir -r requirements.txt &&     pip3 install --break-system-packages --no-cache-dir . &&     addgroup -g 2000 heralding &&     adduser -S -H -s /bin/ash -u 2000 -D -g 2000 heralding &&     mkdir -p /var/log/heralding/ /etc/heralding &&     mv /root/dist/heralding.yml /etc/heralding/ &&     setcap cap_net_bind_service=+ep $(readlink -f $(type -P python3)) &&     chown -R heralding:heralding /var/log/heralding &&     apk del --purge 		build-base 		git 		libcap 		libffi-dev 		openssl-dev 		postgresql-dev 		python3-dev &&     rm -rf /root/* 		/var/cache/apk/* 		/opt/heralding
#8 CACHED

#9 [heralding linux/amd64 2/4] COPY dist/ /root/dist/
#9 CACHED

#10 [heralding linux/amd64 4/4] WORKDIR /tmp/heralding/
#10 CACHED

#11 [heralding linux/arm64 3/4] RUN apk --no-cache -U upgrade && 	apk --no-cache -U add 		build-base 		git 		libcap 		libffi-dev 		openssl-dev 		py3-pyzmq 		postgresql-dev 		py3-attrs 		py3-mysqlclient 		py3-nose 		py3-pip 		py3-psycopg2 		py3-pycryptodome 		py3-pyzmq 		py3-requests 		py3-rsa 		py3-typing-extensions 		py3-wheel 		py3-yaml 		python3 		python3-dev &&     mkdir -p /opt &&     cd /opt/ &&     git clone https://github.com/johnnykv/heralding &&     cd heralding &&     git checkout ac12724ab38c4e2fe78f07d1bc35e6e586ba69c0 &&     cp /root/dist/requirements.txt . &&     pip3 install --break-system-packages --no-cache-dir --upgrade pip &&     pip3 install --break-system-packages --no-cache-dir -r requirements.txt &&     pip3 install --break-system-packages --no-cache-dir . &&     addgroup -g 2000 heralding &&     adduser -S -H -s /bin/ash -u 2000 -D -g 2000 heralding &&     mkdir -p /var/log/heralding/ /etc/heralding &&     mv /root/dist/heralding.yml /etc/heralding/ &&     setcap cap_net_bind_service=+ep $(readlink -f $(type -P python3)) &&     chown -R heralding:heralding /var/log/heralding &&     apk del --purge 		build-base 		git 		libcap 		libffi-dev 		openssl-dev 		postgresql-dev 		python3-dev &&     rm -rf /root/* 		/var/cache/apk/* 		/opt/heralding
#11 CACHED

#12 [heralding linux/arm64 2/4] COPY dist/ /root/dist/
#12 CACHED

#13 [heralding linux/arm64 4/4] WORKDIR /tmp/heralding/
#13 CACHED

#14 [heralding] exporting to image
#14 exporting layers done
#14 exporting manifest sha256:0f585d3a1464858d7c1609eb3ef9943cdb84cfe971a0cfa5559fb4cb2d61a8a2 done
#14 exporting config sha256:b8b33ba163e9a6bc208a67021698ef745eb0e8883ffc031461709c5acb754fdc done
#14 exporting attestation manifest sha256:e856d06e92f29ed46be63d869e9bd212ed8c25439e0d310ab5df0bc94ff646aa 0.0s done
#14 exporting manifest sha256:833f3544ef9f328ec58b3aab5363301ce5f74ca6f2640133271251bcd0e030ae done
#14 exporting config sha256:f77d0715b498dbd0bcf2aab49970480ee0d9c120bdcd05508508cb8a226be5db done
#14 exporting attestation manifest sha256:a639a26fd1848cfd3fa33d043e4777dc0963a14986aff32d4b12aed63076262a 0.0s done
#14 exporting manifest list sha256:624dcba4c47281c31cf2724c8f6d651a6dcde86ca2d3f5de891dad6b2f63cd00 done
#14 pushing layers
#14 ...

#15 [heralding auth] f0rc3ps/heralding:pull,push token for registry-1.docker.io
#15 DONE 0.0s

#14 [heralding] exporting to image
#14 pushing layers 5.1s done
#14 pushing manifest for docker.io/f0rc3ps/heralding:24.04.1@sha256:624dcba4c47281c31cf2724c8f6d651a6dcde86ca2d3f5de891dad6b2f63cd00
#14 pushing manifest for docker.io/f0rc3ps/heralding:24.04.1@sha256:624dcba4c47281c31cf2724c8f6d651a6dcde86ca2d3f5de891dad6b2f63cd00 5.5s done
#14 pushing layers
#14 ...

#16 [heralding auth] asc3t1c/heralding:pull,push token for ghcr.io
#16 DONE 0.0s

#14 [heralding] exporting to image
#14 pushing layers 2.4s done
#14 pushing manifest for ghcr.io/asc3t1c/heralding:24.04.1@sha256:624dcba4c47281c31cf2724c8f6d651a6dcde86ca2d3f5de891dad6b2f63cd00
#14 pushing manifest for ghcr.io/asc3t1c/heralding:24.04.1@sha256:624dcba4c47281c31cf2724c8f6d651a6dcde86ca2d3f5de891dad6b2f63cd00 1.9s done
#14 DONE 14.9s

#17 [heralding] resolving provenance for metadata file
#17 DONE 0.0s
