#0 building with "mybuilder" instance using docker-container driver

#1 [honeytrap internal] load build definition from Dockerfile
#1 transferring dockerfile: 2.30kB 0.0s done
#1 DONE 0.0s

#2 [honeytrap linux/amd64 internal] load metadata for docker.io/library/ubuntu:22.04
#2 ...

#3 [honeytrap linux/arm64 internal] load metadata for docker.io/library/ubuntu:22.04
#3 DONE 0.7s

#4 [honeytrap internal] load .dockerignore
#4 transferring context: 2B 0.0s done
#4 DONE 0.0s

#2 [honeytrap linux/amd64 internal] load metadata for docker.io/library/ubuntu:22.04
#2 DONE 1.3s

#5 [honeytrap linux/amd64 1/3] FROM docker.io/library/ubuntu:22.04@sha256:ed1544e454989078f5dec1bfdabd8c5cc9c48e0705d07b678ab6ae3fb61952d2
#5 resolve docker.io/library/ubuntu:22.04@sha256:ed1544e454989078f5dec1bfdabd8c5cc9c48e0705d07b678ab6ae3fb61952d2 0.0s done
#5 DONE 0.0s

#6 [honeytrap linux/arm64 1/3] FROM docker.io/library/ubuntu:22.04@sha256:ed1544e454989078f5dec1bfdabd8c5cc9c48e0705d07b678ab6ae3fb61952d2
#6 resolve docker.io/library/ubuntu:22.04@sha256:ed1544e454989078f5dec1bfdabd8c5cc9c48e0705d07b678ab6ae3fb61952d2 0.0s done
#6 DONE 0.1s

#7 [honeytrap internal] load build context
#7 transferring context: 65B 0.0s done
#7 DONE 0.0s

#8 [honeytrap linux/amd64 2/3] COPY dist/ /root/dist/
#8 CACHED

#9 [honeytrap linux/amd64 3/3] RUN apt-get update &&     apt-get -y upgrade &&     apt-get install -y autoconf                        build-essential                        git                        iptables                        libcap2                        libcap2-bin                        libnetfilter-queue1                        libnetfilter-queue-dev                        libjson-c-dev                        libtool                        libpq5                        libpq-dev                        netbase                        procps                        wget &&     git clone https://github.com/t3chn0m4g3/honeytrap /root/honeytrap &&     cd /root/honeytrap/ &&     autoreconf -vfi &&     ./configure       --with-stream-mon=nfq       --with-logattacker       --with-logjson       --prefix=/opt/honeytrap &&     make &&     make install &&     make clean &&     addgroup --gid 2000 honeytrap &&     adduser --system --no-create-home --shell /bin/bash --uid 2000 --disabled-password --disabled-login --gid 2000 honeytrap &&     mkdir -p /opt/honeytrap/etc/honeytrap/ /opt/honeytrap/var/attacks /opt/honeytrap/var/downloads /opt/honeytrap/var/log &&     mv /root/dist/honeytrap.conf /opt/honeytrap/etc/honeytrap/ &&     setcap cap_net_admin=+ep /opt/honeytrap/sbin/honeytrap &&     rm -rf /root/* &&     apt-get purge -y autoconf                      build-essential                      git                      libnetfilter-queue-dev                      libpq-dev &&     apt-get autoremove -y --purge &&     apt-get clean &&         rm -rf /var/lib/apt/lists/*             /tmp/* /var/tmp/*             /root/.cache             /root/*             /opt/honeytrap/.git
#9 CACHED

#10 [honeytrap linux/arm64 2/3] COPY dist/ /root/dist/
#10 CACHED

#11 [honeytrap linux/arm64 3/3] RUN apt-get update &&     apt-get -y upgrade &&     apt-get install -y autoconf                        build-essential                        git                        iptables                        libcap2                        libcap2-bin                        libnetfilter-queue1                        libnetfilter-queue-dev                        libjson-c-dev                        libtool                        libpq5                        libpq-dev                        netbase                        procps                        wget &&     git clone https://github.com/t3chn0m4g3/honeytrap /root/honeytrap &&     cd /root/honeytrap/ &&     autoreconf -vfi &&     ./configure       --with-stream-mon=nfq       --with-logattacker       --with-logjson       --prefix=/opt/honeytrap &&     make &&     make install &&     make clean &&     addgroup --gid 2000 honeytrap &&     adduser --system --no-create-home --shell /bin/bash --uid 2000 --disabled-password --disabled-login --gid 2000 honeytrap &&     mkdir -p /opt/honeytrap/etc/honeytrap/ /opt/honeytrap/var/attacks /opt/honeytrap/var/downloads /opt/honeytrap/var/log &&     mv /root/dist/honeytrap.conf /opt/honeytrap/etc/honeytrap/ &&     setcap cap_net_admin=+ep /opt/honeytrap/sbin/honeytrap &&     rm -rf /root/* &&     apt-get purge -y autoconf                      build-essential                      git                      libnetfilter-queue-dev                      libpq-dev &&     apt-get autoremove -y --purge &&     apt-get clean &&         rm -rf /var/lib/apt/lists/*             /tmp/* /var/tmp/*             /root/.cache             /root/*             /opt/honeytrap/.git
#11 CACHED

#12 [honeytrap] exporting to image
#12 exporting layers done
#12 exporting manifest sha256:1025e0d5f7df44ff38228760f138fd9a3f7ed6d4f9da391ede8a629ec00d5926 done
#12 exporting config sha256:a583e9f234754664e52740e90df3365489025942380826745a395acb56f82f6c done
#12 exporting attestation manifest sha256:88dacd0e0ee5c52b7ad15f3769cc1b2e5218e9cc645dbe2868235a3dadd4e647
#12 exporting attestation manifest sha256:88dacd0e0ee5c52b7ad15f3769cc1b2e5218e9cc645dbe2868235a3dadd4e647 0.0s done
#12 exporting manifest sha256:a8c409fa61b355f8edfb4485447658368e5b6caa5e678bee75cb6e5cc0510381 done
#12 exporting config sha256:06416f7684dd41a291142b2d0c702f8a0428195f01c1182e6d1f2df8eb19d0f6 done
#12 exporting attestation manifest sha256:cf315e0846a15cbd315f23468e3f46c96c11f71df94880682445f81372a482c5 0.0s done
#12 exporting manifest list sha256:ebcf0890eebd21e89489bd85b15c3238b9d0cc0c898590ecd173dc1597dadb64 0.0s done
#12 pushing layers
#12 ...

#13 [honeytrap auth] f0rc3ps/honeytrap:pull,push token for registry-1.docker.io
#13 DONE 0.0s

#12 [honeytrap] exporting to image
#12 pushing layers 7.1s done
#12 pushing manifest for docker.io/f0rc3ps/honeytrap:24.04.1@sha256:ebcf0890eebd21e89489bd85b15c3238b9d0cc0c898590ecd173dc1597dadb64
#12 pushing manifest for docker.io/f0rc3ps/honeytrap:24.04.1@sha256:ebcf0890eebd21e89489bd85b15c3238b9d0cc0c898590ecd173dc1597dadb64 6.3s done
#12 pushing layers
#12 ...

#14 [honeytrap auth] asc3t1c/honeytrap:pull,push token for ghcr.io
#14 DONE 0.0s

#12 [honeytrap] exporting to image
#12 pushing layers 3.6s done
#12 pushing manifest for ghcr.io/asc3t1c/honeytrap:24.04.1@sha256:ebcf0890eebd21e89489bd85b15c3238b9d0cc0c898590ecd173dc1597dadb64
#12 pushing manifest for ghcr.io/asc3t1c/honeytrap:24.04.1@sha256:ebcf0890eebd21e89489bd85b15c3238b9d0cc0c898590ecd173dc1597dadb64 3.2s done
#12 DONE 20.4s

#15 [honeytrap] resolving provenance for metadata file
#15 DONE 0.0s
