#0 building with "mybuilder" instance using docker-container driver

#1 [honeypots internal] load build definition from Dockerfile
#1 transferring dockerfile: 1.79kB 0.0s done
#1 DONE 0.0s

#2 [honeypots linux/arm64 internal] load metadata for docker.io/library/alpine:3.20
#2 ...

#3 [honeypots linux/amd64 internal] load metadata for docker.io/library/alpine:3.20
#3 DONE 0.4s

#4 [honeypots internal] load .dockerignore
#4 transferring context: 2B 0.0s done
#4 DONE 0.0s

#2 [honeypots linux/arm64 internal] load metadata for docker.io/library/alpine:3.20
#2 DONE 0.4s

#5 [honeypots internal] load build context
#5 DONE 0.0s

#6 [honeypots linux/amd64 1/4] FROM docker.io/library/alpine:3.20@sha256:31687a2fdd021f85955bf2d0c2682e9c0949827560e1db546358ea094f740f12
#6 resolve docker.io/library/alpine:3.20@sha256:31687a2fdd021f85955bf2d0c2682e9c0949827560e1db546358ea094f740f12 0.1s done
#6 DONE 0.1s

#7 [honeypots linux/arm64 1/4] FROM docker.io/library/alpine:3.20@sha256:31687a2fdd021f85955bf2d0c2682e9c0949827560e1db546358ea094f740f12
#7 resolve docker.io/library/alpine:3.20@sha256:31687a2fdd021f85955bf2d0c2682e9c0949827560e1db546358ea094f740f12 0.1s done
#7 DONE 0.1s

#5 [honeypots internal] load build context
#5 transferring context: 62B done
#5 DONE 0.0s

#8 [honeypots linux/amd64 3/4] RUN apk --no-cache -U upgrade && 	apk --no-cache -U add 		build-base 		freetds 		freetds-dev 		gcc 		git 		hiredis 		jpeg-dev 		libcap 		libffi-dev 		libpq 		musl-dev 		openssl 		openssl-dev 		postgresql-dev 		py3-chardet 		py3-click 		py3-cryptography 		py3-dnspython 		py3-flask 		py3-future 		py3-hiredis 		py3-itsdangerous 		py3-jinja2 		py3-ldap3 		py3-markupsafe 		py3-openssl 		py3-packaging 		py3-pip 		py3-psycopg2 		py3-pycryptodomex 		py3-werkzeug 		py3-wheel 		python3 		python3-dev 		zlib-dev &&     mkdir -p /opt              /var/log/honeypots &&     cd /opt/ &&     git clone https://github.com/qeeqbox/honeypots &&     cd honeypots && 	git checkout 238c6732d28b36ab88f2008361bafc8aef054755 &&     pip3 install --break-system-packages --no-cache-dir . &&     setcap cap_net_bind_service=+ep $(readlink -f $(type -P python3)) &&     addgroup -g 2000 honeypots &&     adduser -S -H -s /bin/ash -u 2000 -D -g 2000 honeypots &&     chown honeypots:honeypots -R /opt/honeypots &&     chown honeypots:honeypots -R /var/log/honeypots &&     mv /root/dist/config.json /opt/honeypots/ &&     apk del --purge build-base 		freetds-dev 		git 		jpeg-dev 		libffi-dev 		openssl-dev 		postgresql-dev 		py3-pip 		python3-dev 		zlib-dev && 	rm -rf /root/* 			/var/cache/apk/* 			/opt/honeypots/.git
#8 CACHED

#9 [honeypots linux/amd64 2/4] COPY dist/ /root/dist/
#9 CACHED

#10 [honeypots linux/amd64 4/4] WORKDIR /opt/honeypots/
#10 CACHED

#11 [honeypots linux/arm64 3/4] RUN apk --no-cache -U upgrade && 	apk --no-cache -U add 		build-base 		freetds 		freetds-dev 		gcc 		git 		hiredis 		jpeg-dev 		libcap 		libffi-dev 		libpq 		musl-dev 		openssl 		openssl-dev 		postgresql-dev 		py3-chardet 		py3-click 		py3-cryptography 		py3-dnspython 		py3-flask 		py3-future 		py3-hiredis 		py3-itsdangerous 		py3-jinja2 		py3-ldap3 		py3-markupsafe 		py3-openssl 		py3-packaging 		py3-pip 		py3-psycopg2 		py3-pycryptodomex 		py3-werkzeug 		py3-wheel 		python3 		python3-dev 		zlib-dev &&     mkdir -p /opt              /var/log/honeypots &&     cd /opt/ &&     git clone https://github.com/qeeqbox/honeypots &&     cd honeypots && 	git checkout 238c6732d28b36ab88f2008361bafc8aef054755 &&     pip3 install --break-system-packages --no-cache-dir . &&     setcap cap_net_bind_service=+ep $(readlink -f $(type -P python3)) &&     addgroup -g 2000 honeypots &&     adduser -S -H -s /bin/ash -u 2000 -D -g 2000 honeypots &&     chown honeypots:honeypots -R /opt/honeypots &&     chown honeypots:honeypots -R /var/log/honeypots &&     mv /root/dist/config.json /opt/honeypots/ &&     apk del --purge build-base 		freetds-dev 		git 		jpeg-dev 		libffi-dev 		openssl-dev 		postgresql-dev 		py3-pip 		python3-dev 		zlib-dev && 	rm -rf /root/* 			/var/cache/apk/* 			/opt/honeypots/.git
#11 CACHED

#12 [honeypots linux/arm64 2/4] COPY dist/ /root/dist/
#12 CACHED

#13 [honeypots linux/arm64 4/4] WORKDIR /opt/honeypots/
#13 CACHED

#14 [honeypots] exporting to image
#14 exporting layers done
#14 exporting manifest sha256:5277f4a88ae8236aa6c49d1003f1d8cb36021de38357ad602452b9574f67123e done
#14 exporting config sha256:ff3228c968e9db8212c4c9b85810d14d061427bcc521e852b1ddc0d9154cd729 done
#14 exporting attestation manifest sha256:18b48774fa19e517b8767b0555071cf2913222d80a859b6b4626949731acdfe2 0.0s done
#14 exporting manifest sha256:0fef39bd187c8f2e4e9d38a88c2d554d808593cd90259434935bbd4c5c2b2aff done
#14 exporting config sha256:1331713ea32e4d2e6f6584b7c790c8efc5770f9c325c865d1d97ce4cedb99a0d
#14 exporting config sha256:1331713ea32e4d2e6f6584b7c790c8efc5770f9c325c865d1d97ce4cedb99a0d done
#14 exporting attestation manifest sha256:acd9e22f89297c9a626daa2805c0686850574e84b10059d08201c76f3fd66399 0.0s done
#14 exporting manifest list sha256:26cbde21b642e752c93406c31bb1cac11925c4abde325bc533d4ef46caf5860a 0.0s done
#14 pushing layers
#14 ...

#15 [honeypots auth] f0rc3ps/honeypots:pull,push token for registry-1.docker.io
#15 DONE 0.0s

#14 [honeypots] exporting to image
#14 pushing layers 3.3s done
#14 pushing manifest for docker.io/f0rc3ps/honeypots:24.04.1@sha256:26cbde21b642e752c93406c31bb1cac11925c4abde325bc533d4ef46caf5860a
#14 pushing manifest for docker.io/f0rc3ps/honeypots:24.04.1@sha256:26cbde21b642e752c93406c31bb1cac11925c4abde325bc533d4ef46caf5860a 4.5s done
#14 ...

#16 [honeypots auth] asc3t1c/honeypots:pull,push token for ghcr.io
#16 DONE 0.0s

#14 [honeypots] exporting to image
#14 pushing layers 2.5s done
#14 pushing manifest for ghcr.io/asc3t1c/honeypots:24.04.1@sha256:26cbde21b642e752c93406c31bb1cac11925c4abde325bc533d4ef46caf5860a
#14 pushing manifest for ghcr.io/asc3t1c/honeypots:24.04.1@sha256:26cbde21b642e752c93406c31bb1cac11925c4abde325bc533d4ef46caf5860a 2.9s done
#14 DONE 13.4s

#17 [honeypots] resolving provenance for metadata file
#17 DONE 0.0s
