#0 building with "mybuilder" instance using docker-container driver

#1 [honeyaml internal] load build definition from Dockerfile
#1 transferring dockerfile: 1.03kB 0.0s done
#1 DONE 0.0s

#2 [honeyaml linux/amd64 internal] load metadata for docker.io/library/rust:latest
#2 ...

#3 [honeyaml auth] chainguard/wolfi-base:pull token for registry-1.docker.io
#3 DONE 0.0s

#4 [honeyaml auth] library/rust:pull token for registry-1.docker.io
#4 DONE 0.0s

#5 [honeyaml linux/arm64 internal] load metadata for docker.io/library/rust:latest
#5 ...

#6 [honeyaml linux/amd64 internal] load metadata for docker.io/chainguard/wolfi-base:latest
#6 DONE 1.8s

#5 [honeyaml linux/arm64 internal] load metadata for docker.io/library/rust:latest
#5 DONE 1.8s

#2 [honeyaml linux/amd64 internal] load metadata for docker.io/library/rust:latest
#2 DONE 1.8s

#7 [honeyaml internal] load .dockerignore
#7 transferring context: 2B 0.0s done
#7 DONE 0.0s

#8 [honeyaml linux/arm64 internal] load metadata for docker.io/chainguard/wolfi-base:latest
#8 DONE 1.8s

#9 [honeyaml linux/arm64 stage-1 1/5] FROM docker.io/chainguard/wolfi-base:latest@sha256:7afaeb1ffbc9c33c21b9ddbd96a80140df1a5fa95aed6411b210bcb404e75c11
#9 resolve docker.io/chainguard/wolfi-base:latest@sha256:7afaeb1ffbc9c33c21b9ddbd96a80140df1a5fa95aed6411b210bcb404e75c11 0.0s done
#9 DONE 0.1s

#10 [honeyaml linux/arm64 builder 1/6] FROM docker.io/library/rust:latest@sha256:738ae99a3d75623f41e6882566b4ef37e38a9840244a47efd4a0ca22e9628b88
#10 resolve docker.io/library/rust:latest@sha256:738ae99a3d75623f41e6882566b4ef37e38a9840244a47efd4a0ca22e9628b88
#10 resolve docker.io/library/rust:latest@sha256:738ae99a3d75623f41e6882566b4ef37e38a9840244a47efd4a0ca22e9628b88 0.1s done
#10 DONE 0.1s

#11 [honeyaml linux/amd64 builder 1/6] FROM docker.io/library/rust:latest@sha256:738ae99a3d75623f41e6882566b4ef37e38a9840244a47efd4a0ca22e9628b88
#11 resolve docker.io/library/rust:latest@sha256:738ae99a3d75623f41e6882566b4ef37e38a9840244a47efd4a0ca22e9628b88 0.1s done
#11 DONE 0.1s

#12 [honeyaml linux/amd64 stage-1 1/5] FROM docker.io/chainguard/wolfi-base:latest@sha256:7afaeb1ffbc9c33c21b9ddbd96a80140df1a5fa95aed6411b210bcb404e75c11
#12 resolve docker.io/chainguard/wolfi-base:latest@sha256:7afaeb1ffbc9c33c21b9ddbd96a80140df1a5fa95aed6411b210bcb404e75c11 0.1s done
#12 DONE 0.1s

#13 [honeyaml linux/amd64 stage-1 2/5] COPY --from=builder /opt/honeyaml/honeyaml /opt/honeyaml/
#13 CACHED

#14 [honeyaml linux/amd64 stage-1 4/5] RUN apk -U --no-cache add libstdc++
#14 CACHED

#15 [honeyaml linux/amd64 builder 3/6] RUN update-ca-certificates
#15 CACHED

#16 [honeyaml linux/amd64 stage-1 3/5] COPY --from=builder /opt/honeyaml/api.yml /opt/honeyaml/
#16 CACHED

#17 [honeyaml linux/amd64 builder 6/6] RUN cargo build --release &&     cp target/release/honeyaml /opt/honeyaml/
#17 CACHED

#18 [honeyaml linux/amd64 builder 5/6] WORKDIR /opt/honeyaml
#18 CACHED

#19 [honeyaml linux/amd64 builder 2/6] RUN apt update &&     apt upgrade -y &&     apt install -y git                     musl-tools                     musl-dev                     libzstd-dev
#19 CACHED

#20 [honeyaml linux/amd64 builder 4/6] RUN git clone https://github.com/t3chn0m4g3/honeyaml /opt/honeyaml &&     cd /opt/honeyaml &&     git checkout 9648c27bb31ad554ccabfdd9aeb77028219f24b0
#20 CACHED

#21 [honeyaml linux/amd64 stage-1 5/5] WORKDIR /opt/honeyaml
#21 CACHED

#22 [honeyaml linux/arm64 stage-1 2/5] COPY --from=builder /opt/honeyaml/honeyaml /opt/honeyaml/
#22 CACHED

#23 [honeyaml linux/arm64 builder 3/6] RUN update-ca-certificates
#23 CACHED

#24 [honeyaml linux/arm64 stage-1 4/5] RUN apk -U --no-cache add libstdc++
#24 CACHED

#25 [honeyaml linux/arm64 builder 4/6] RUN git clone https://github.com/t3chn0m4g3/honeyaml /opt/honeyaml &&     cd /opt/honeyaml &&     git checkout 9648c27bb31ad554ccabfdd9aeb77028219f24b0
#25 CACHED

#26 [honeyaml linux/arm64 builder 2/6] RUN apt update &&     apt upgrade -y &&     apt install -y git                     musl-tools                     musl-dev                     libzstd-dev
#26 CACHED

#27 [honeyaml linux/arm64 stage-1 3/5] COPY --from=builder /opt/honeyaml/api.yml /opt/honeyaml/
#27 CACHED

#28 [honeyaml linux/arm64 builder 5/6] WORKDIR /opt/honeyaml
#28 CACHED

#29 [honeyaml linux/arm64 builder 6/6] RUN cargo build --release &&     cp target/release/honeyaml /opt/honeyaml/
#29 CACHED

#30 [honeyaml linux/arm64 stage-1 5/5] WORKDIR /opt/honeyaml
#30 CACHED

#31 [honeyaml] exporting to image
#31 exporting layers done
#31 exporting manifest sha256:c6faaca662183d2ee68fe4e9ceae267214fbed3124481a1508454266e1cce185 done
#31 exporting config sha256:aa1c06f236388e75202b89906b02bd5fa0c04cb8a913b5b087d00de2e8c109b8 done
#31 exporting attestation manifest sha256:bdc1db9c7af24d148c8e5d2ae845e27426f4150f22359032c124864d2d46c251 0.0s done
#31 exporting manifest sha256:9035ab866a993a2b3e105cd411fdb03c2a9c68d360b67b9e216eb6193b276e9f done
#31 exporting config sha256:c96917a5f0fea9583b5a13786bc01751ae01ddc9251f993c3c4aab4b0a4532b6 done
#31 exporting attestation manifest sha256:148175a4301c1b727943440434ca03fbe210fae24eb0dd4226459eacc5b87fb3 0.0s done
#31 exporting manifest list sha256:16fc40b1991ced4f0f6d96a2972ee91e9e1680fdd855419235dc2b18d0af93b4
#31 exporting manifest list sha256:16fc40b1991ced4f0f6d96a2972ee91e9e1680fdd855419235dc2b18d0af93b4 0.0s done
#31 pushing layers
#31 ...

#32 [honeyaml auth] f0rc3ps/honeyaml:pull,push token for registry-1.docker.io
#32 DONE 0.0s

#31 [honeyaml] exporting to image
#31 pushing layers 5.8s done
#31 pushing manifest for docker.io/f0rc3ps/honeyaml:24.04.1@sha256:16fc40b1991ced4f0f6d96a2972ee91e9e1680fdd855419235dc2b18d0af93b4
#31 pushing manifest for docker.io/f0rc3ps/honeyaml:24.04.1@sha256:16fc40b1991ced4f0f6d96a2972ee91e9e1680fdd855419235dc2b18d0af93b4 8.0s done
#31 pushing layers
#31 ...

#33 [honeyaml auth] asc3t1c/honeyaml:pull,push token for ghcr.io
#33 DONE 0.0s

#31 [honeyaml] exporting to image
#31 pushing layers 2.6s done
#31 pushing manifest for ghcr.io/asc3t1c/honeyaml:24.04.1@sha256:16fc40b1991ced4f0f6d96a2972ee91e9e1680fdd855419235dc2b18d0af93b4
#31 pushing manifest for ghcr.io/asc3t1c/honeyaml:24.04.1@sha256:16fc40b1991ced4f0f6d96a2972ee91e9e1680fdd855419235dc2b18d0af93b4 1.8s done
#31 DONE 18.3s

#34 [honeyaml] resolving provenance for metadata file
#34 DONE 0.0s
