#0 building with "mybuilder" instance using docker-container driver

#1 [kibana internal] load build definition from Dockerfile
#1 transferring dockerfile: 2.58kB 0.0s done
#1 DONE 0.0s

#2 [kibana auth] library/node:pull token for registry-1.docker.io
#2 DONE 0.0s

#3 [kibana linux/arm64 internal] load metadata for docker.io/library/node:20.15.1-alpine3.20
#3 DONE 1.7s

#4 [kibana linux/amd64 internal] load metadata for docker.io/library/node:20.15.1-alpine3.20
#4 DONE 1.7s

#5 [kibana internal] load .dockerignore
#5 transferring context: 2B 0.0s done
#5 DONE 0.0s

#6 [kibana internal] load build context
#6 DONE 0.0s

#7 [kibana linux/amd64 1/3] FROM docker.io/library/node:20.15.1-alpine3.20@sha256:09dbe0a53523c2482d85a037efc6b0e8e8bb16c6f1acf431fe36aa0ebc871c06
#7 resolve docker.io/library/node:20.15.1-alpine3.20@sha256:09dbe0a53523c2482d85a037efc6b0e8e8bb16c6f1acf431fe36aa0ebc871c06 0.0s done
#7 DONE 0.1s

#8 [kibana linux/arm64 1/3] FROM docker.io/library/node:20.15.1-alpine3.20@sha256:09dbe0a53523c2482d85a037efc6b0e8e8bb16c6f1acf431fe36aa0ebc871c06
#8 resolve docker.io/library/node:20.15.1-alpine3.20@sha256:09dbe0a53523c2482d85a037efc6b0e8e8bb16c6f1acf431fe36aa0ebc871c06 0.1s done
#8 DONE 0.1s

#6 [kibana internal] load build context
#6 transferring context: 94B done
#6 DONE 0.0s

#9 [kibana linux/arm64 2/3] COPY dist/ /root/dist/
#9 CACHED

#10 [kibana linux/arm64 3/3] RUN apk --no-cache -U upgrade &&     apk --no-cache -U add             aria2             curl             gcompat &&     ARCH=$(arch) &&       if [ "$ARCH" = "x86_64" ]; then KB_ARCH="x86_64"; fi &&       if [ "$ARCH" = "aarch64" ]; then KB_ARCH="aarch64"; fi &&     echo "$ARCH" &&     cd /root/dist/ &&     aria2c -s 16 -x 16 https://artifacts.elastic.co/downloads/kibana/kibana-8.16.1-linux-$KB_ARCH.tar.gz &&     mkdir -p /usr/share/kibana &&     tar xvfz kibana-8.16.1-linux-$KB_ARCH.tar.gz --strip-components=1 -C /usr/share/kibana/ &&     rm /usr/share/kibana/node/glibc-217/bin/node &&     ln -s /usr/local/bin/node /usr/share/kibana/node/glibc-217/bin/node &&     sed -i 's/#server.basePath: ""/server.basePath: "\/kibana"/' /usr/share/kibana/config/kibana.yml &&     sed -i 's/#server.host: "localhost"/server.host: "0.0.0.0"/' /usr/share/kibana/config/kibana.yml &&     sed -i 's/#elasticsearch.hosts: \["http:\/\/localhost:9200"\]/elasticsearch.hosts: \["http:\/\/elasticsearch:9200"\]/' /usr/share/kibana/config/kibana.yml &&     sed -i 's/#server.rewriteBasePath: false/server.rewriteBasePath: false/' /usr/share/kibana/config/kibana.yml &&     echo "xpack.reporting.roles.enabled: false" >> /usr/share/kibana/config/kibana.yml &&     echo "elasticsearch.requestTimeout: 60000" >> /usr/share/kibana/config/kibana.yml &&     echo "elasticsearch.shardTimeout: 60000" >> /usr/share/kibana/config/kibana.yml &&     echo "unifiedSearch.autocomplete.valueSuggestions.timeout: 60000" >> /usr/share/kibana/config/kibana.yml &&     echo "unifiedSearch.autocomplete.valueSuggestions.terminateAfter: 1000000" >> /usr/share/kibana/config/kibana.yml &&     rm -rf /usr/share/kibana/optimize/bundles/* &&     /usr/share/kibana/bin/kibana --optimize --allow-root &&     addgroup -g 2000 kibana &&     adduser -S -H -s /bin/ash -u 2000 -D -g 2000 kibana &&     chown -R kibana:kibana /usr/share/kibana/data &&     chmod 755 -R /usr/share/kibana/config &&     apk del --purge aria2 &&     rm -rf /root/*         /tmp/*         /var/cache/apk/*
#10 CACHED

#11 [kibana linux/amd64 2/3] COPY dist/ /root/dist/
#11 CACHED

#12 [kibana linux/amd64 3/3] RUN apk --no-cache -U upgrade &&     apk --no-cache -U add             aria2             curl             gcompat &&     ARCH=$(arch) &&       if [ "$ARCH" = "x86_64" ]; then KB_ARCH="x86_64"; fi &&       if [ "$ARCH" = "aarch64" ]; then KB_ARCH="aarch64"; fi &&     echo "$ARCH" &&     cd /root/dist/ &&     aria2c -s 16 -x 16 https://artifacts.elastic.co/downloads/kibana/kibana-8.16.1-linux-$KB_ARCH.tar.gz &&     mkdir -p /usr/share/kibana &&     tar xvfz kibana-8.16.1-linux-$KB_ARCH.tar.gz --strip-components=1 -C /usr/share/kibana/ &&     rm /usr/share/kibana/node/glibc-217/bin/node &&     ln -s /usr/local/bin/node /usr/share/kibana/node/glibc-217/bin/node &&     sed -i 's/#server.basePath: ""/server.basePath: "\/kibana"/' /usr/share/kibana/config/kibana.yml &&     sed -i 's/#server.host: "localhost"/server.host: "0.0.0.0"/' /usr/share/kibana/config/kibana.yml &&     sed -i 's/#elasticsearch.hosts: \["http:\/\/localhost:9200"\]/elasticsearch.hosts: \["http:\/\/elasticsearch:9200"\]/' /usr/share/kibana/config/kibana.yml &&     sed -i 's/#server.rewriteBasePath: false/server.rewriteBasePath: false/' /usr/share/kibana/config/kibana.yml &&     echo "xpack.reporting.roles.enabled: false" >> /usr/share/kibana/config/kibana.yml &&     echo "elasticsearch.requestTimeout: 60000" >> /usr/share/kibana/config/kibana.yml &&     echo "elasticsearch.shardTimeout: 60000" >> /usr/share/kibana/config/kibana.yml &&     echo "unifiedSearch.autocomplete.valueSuggestions.timeout: 60000" >> /usr/share/kibana/config/kibana.yml &&     echo "unifiedSearch.autocomplete.valueSuggestions.terminateAfter: 1000000" >> /usr/share/kibana/config/kibana.yml &&     rm -rf /usr/share/kibana/optimize/bundles/* &&     /usr/share/kibana/bin/kibana --optimize --allow-root &&     addgroup -g 2000 kibana &&     adduser -S -H -s /bin/ash -u 2000 -D -g 2000 kibana &&     chown -R kibana:kibana /usr/share/kibana/data &&     chmod 755 -R /usr/share/kibana/config &&     apk del --purge aria2 &&     rm -rf /root/*         /tmp/*         /var/cache/apk/*
#12 CACHED

#13 [kibana] exporting to image
#13 exporting layers done
#13 exporting manifest sha256:f0fc45e37563165a2743ac5c7ca86ce0fa9c8b4ed38f6f5726cf17296b723fd9 done
#13 exporting config sha256:8f89b5eec0c260c1d68da049f5da8a38cc608719e486fac4bd536985cb591ef9 done
#13 exporting attestation manifest sha256:e3726f66f5551bd07525061108068f6034ba51886adc96d0f38d755f26506313 0.0s done
#13 exporting manifest sha256:f6b775fe145bb8e56e550eb3b2853ce78fb2d9abf46039bd35df6e987ef1da5d 0.0s done
#13 exporting config sha256:ec872fd775f8e7bb57ba81567bbe1c5bbb35e50883f4b39a1f62cb30f176c24c done
#13 exporting attestation manifest sha256:29fe3ce43cd7d64f1fbd58eda7d900dae1bd295f1712c22eb1f6b74a82d9362d 0.0s done
#13 exporting manifest list sha256:d7c80a62aaa8e484b08072de45c7b2de994b7f9e49e3f4a118aef9b10ea01a79 done
#13 pushing layers
#13 ...

#14 [kibana auth] f0rc3ps/kibana:pull,push token for registry-1.docker.io
#14 DONE 0.0s

#13 [kibana] exporting to image
#13 pushing layers 6.5s done
#13 pushing manifest for docker.io/f0rc3ps/kibana:24.04.1@sha256:d7c80a62aaa8e484b08072de45c7b2de994b7f9e49e3f4a118aef9b10ea01a79
#13 pushing manifest for docker.io/f0rc3ps/kibana:24.04.1@sha256:d7c80a62aaa8e484b08072de45c7b2de994b7f9e49e3f4a118aef9b10ea01a79 5.2s done
#13 pushing layers
#13 ...

#15 [kibana auth] asc3t1c/kibana:pull,push token for ghcr.io
#15 DONE 0.0s

#13 [kibana] exporting to image
#13 pushing layers 2.5s done
#13 pushing manifest for ghcr.io/asc3t1c/kibana:24.04.1@sha256:d7c80a62aaa8e484b08072de45c7b2de994b7f9e49e3f4a118aef9b10ea01a79
#13 pushing manifest for ghcr.io/asc3t1c/kibana:24.04.1@sha256:d7c80a62aaa8e484b08072de45c7b2de994b7f9e49e3f4a118aef9b10ea01a79 2.2s done
#13 DONE 16.5s

#16 [kibana] resolving provenance for metadata file
#16 DONE 0.0s
