#0 building with "mybuilder" instance using docker-container driver

#1 [log4pot internal] load build definition from Dockerfile
#1 transferring dockerfile: 1.84kB 0.0s done
#1 DONE 0.0s

#2 [log4pot linux/amd64 internal] load metadata for docker.io/library/ubuntu:24.04
#2 ...

#3 [log4pot linux/arm64 internal] load metadata for docker.io/library/ubuntu:24.04
#3 DONE 1.0s

#4 [log4pot internal] load .dockerignore
#4 transferring context: 2B 0.0s done
#4 DONE 0.0s

#2 [log4pot linux/amd64 internal] load metadata for docker.io/library/ubuntu:24.04
#2 DONE 1.4s

#5 [log4pot linux/amd64 1/3] FROM docker.io/library/ubuntu:24.04@sha256:72297848456d5d37d1262630108ab308d3e9ec7ed1c3286a32fe09856619a782
#5 resolve docker.io/library/ubuntu:24.04@sha256:72297848456d5d37d1262630108ab308d3e9ec7ed1c3286a32fe09856619a782 0.0s done
#5 DONE 0.0s

#6 [log4pot linux/arm64 1/3] FROM docker.io/library/ubuntu:24.04@sha256:72297848456d5d37d1262630108ab308d3e9ec7ed1c3286a32fe09856619a782
#6 resolve docker.io/library/ubuntu:24.04@sha256:72297848456d5d37d1262630108ab308d3e9ec7ed1c3286a32fe09856619a782 0.0s done
#6 DONE 0.1s

#7 [log4pot linux/amd64 2/3] RUN apt-get update -y &&     apt-get upgrade -y &&     apt-get install -y 		build-essential 		cargo 		cleo 		git 		libcap2 		libcap2-bin 		libcurl4t64 		libcurl4-gnutls-dev 		libffi8 		libffi-dev 		libssl-dev 		python3-pip 		python3 		python3-dev 		rust-all && 	pip3 install --no-cache-dir --break-system-packages 		poetry==1.8.3 		pycurl &&     mkdir -p /opt /var/log/log4pot &&     cd /opt/ &&     git clone https://github.com/thomaspatzke/Log4Pot &&     cd Log4Pot &&     git checkout 5002b1fe0f82359ef32dbc3a899e8a701dc3256e &&     sed -i 's#"type": logtype,#"reason": logtype,#g' log4pot-server.py &&     poetry --no-cache --without=dev install &&     setcap cap_net_bind_service=+ep $(readlink -f $(which python3)) &&     addgroup --gid 2000 log4pot &&     adduser --system --no-create-home --shell /bin/bash -uid 2000 --disabled-password --disabled-login -gid 2000 log4pot &&     chown log4pot:log4pot -R /opt/Log4Pot &&     apt-get purge -y build-essential 		cargo 		git 		libcurl4-gnutls-dev 		libffi-dev 		libssl-dev 		python3-dev 		python3-pip 		rust-all &&     apt-get autoremove -y --purge &&     apt-get clean && 	rm -rf /var/lib/apt/lists/* 		/tmp/* 		/var/tmp/* 		/root/.cache 		/opt/Log4Pot/.git
#7 CACHED

#8 [log4pot linux/amd64 3/3] WORKDIR /opt/Log4Pot/
#8 CACHED

#9 [log4pot linux/arm64 2/3] RUN apt-get update -y &&     apt-get upgrade -y &&     apt-get install -y 		build-essential 		cargo 		cleo 		git 		libcap2 		libcap2-bin 		libcurl4t64 		libcurl4-gnutls-dev 		libffi8 		libffi-dev 		libssl-dev 		python3-pip 		python3 		python3-dev 		rust-all && 	pip3 install --no-cache-dir --break-system-packages 		poetry==1.8.3 		pycurl &&     mkdir -p /opt /var/log/log4pot &&     cd /opt/ &&     git clone https://github.com/thomaspatzke/Log4Pot &&     cd Log4Pot &&     git checkout 5002b1fe0f82359ef32dbc3a899e8a701dc3256e &&     sed -i 's#"type": logtype,#"reason": logtype,#g' log4pot-server.py &&     poetry --no-cache --without=dev install &&     setcap cap_net_bind_service=+ep $(readlink -f $(which python3)) &&     addgroup --gid 2000 log4pot &&     adduser --system --no-create-home --shell /bin/bash -uid 2000 --disabled-password --disabled-login -gid 2000 log4pot &&     chown log4pot:log4pot -R /opt/Log4Pot &&     apt-get purge -y build-essential 		cargo 		git 		libcurl4-gnutls-dev 		libffi-dev 		libssl-dev 		python3-dev 		python3-pip 		rust-all &&     apt-get autoremove -y --purge &&     apt-get clean && 	rm -rf /var/lib/apt/lists/* 		/tmp/* 		/var/tmp/* 		/root/.cache 		/opt/Log4Pot/.git
#9 CACHED

#10 [log4pot linux/arm64 3/3] WORKDIR /opt/Log4Pot/
#10 CACHED

#11 [log4pot] exporting to image
#11 exporting layers done
#11 exporting manifest sha256:05411fc51bd467b5d3fec00d78b27c984bdadf3fbb8b1ebe796d7e2651e1e407 done
#11 exporting config sha256:affff481de4c6b540b3a7a65b88e88735c8d8a20e389d8ffa40a1398c6b3dddb 0.0s done
#11 exporting attestation manifest sha256:7882462a7bcb2d6c95d17f49de7da645a757c3ea58182c0b7ebacb2e6ccacdce 0.0s done
#11 exporting manifest sha256:8cf08d043e6628d7ebc8df4d1fc8d69038b6aa1d02f520592f5321f20ad1f8c7 0.0s done
#11 exporting config sha256:f33bf46a75e4e3692f8345e1402267b6e8f3fd991b50c601180788bd67793a29 0.0s done
#11 exporting attestation manifest sha256:8b8ca9931b0190945d3d07c7061be190d3a06592e1774eba17be362050f813a6 0.0s done
#11 exporting manifest list sha256:8e131ae119788c72df35d4421a189749722a62a27d6dc3a748a9d82e1ca90656
#11 exporting manifest list sha256:8e131ae119788c72df35d4421a189749722a62a27d6dc3a748a9d82e1ca90656 0.0s done
#11 pushing layers
#11 ...

#12 [log4pot auth] f0rc3ps/log4pot:pull,push token for registry-1.docker.io
#12 DONE 0.0s

#11 [log4pot] exporting to image
#11 pushing layers 4.7s done
#11 pushing manifest for docker.io/f0rc3ps/log4pot:24.04.1@sha256:8e131ae119788c72df35d4421a189749722a62a27d6dc3a748a9d82e1ca90656
#11 pushing manifest for docker.io/f0rc3ps/log4pot:24.04.1@sha256:8e131ae119788c72df35d4421a189749722a62a27d6dc3a748a9d82e1ca90656 4.4s done
#11 ...

#13 [log4pot auth] asc3t1c/log4pot:pull,push token for ghcr.io
#13 DONE 0.0s

#11 [log4pot] exporting to image
#11 pushing layers 2.0s done
#11 pushing manifest for ghcr.io/asc3t1c/log4pot:24.04.1@sha256:8e131ae119788c72df35d4421a189749722a62a27d6dc3a748a9d82e1ca90656
#11 pushing manifest for ghcr.io/asc3t1c/log4pot:24.04.1@sha256:8e131ae119788c72df35d4421a189749722a62a27d6dc3a748a9d82e1ca90656 3.6s done
#11 DONE 14.9s

#14 [log4pot] resolving provenance for metadata file
#14 DONE 0.0s
