#0 building with "mybuilder" instance using docker-container driver

#1 [logstash internal] load build definition from Dockerfile
#1 transferring dockerfile: 2.40kB 0.0s done
#1 DONE 0.0s

#2 [logstash linux/amd64 internal] load metadata for docker.io/library/ubuntu:24.04
#2 ...

#3 [logstash linux/arm64 internal] load metadata for docker.io/library/ubuntu:24.04
#3 DONE 0.3s

#4 [logstash internal] load .dockerignore
#4 transferring context: 2B done
#4 DONE 0.0s

#2 [logstash linux/amd64 internal] load metadata for docker.io/library/ubuntu:24.04
#2 DONE 0.5s

#5 [logstash linux/arm64 1/3] FROM docker.io/library/ubuntu:24.04@sha256:72297848456d5d37d1262630108ab308d3e9ec7ed1c3286a32fe09856619a782
#5 resolve docker.io/library/ubuntu:24.04@sha256:72297848456d5d37d1262630108ab308d3e9ec7ed1c3286a32fe09856619a782 0.0s done
#5 DONE 0.0s

#6 [logstash linux/amd64 1/3] FROM docker.io/library/ubuntu:24.04@sha256:72297848456d5d37d1262630108ab308d3e9ec7ed1c3286a32fe09856619a782
#6 resolve docker.io/library/ubuntu:24.04@sha256:72297848456d5d37d1262630108ab308d3e9ec7ed1c3286a32fe09856619a782 0.0s done
#6 DONE 0.1s

#7 [logstash internal] load build context
#7 transferring context: 346B done
#7 DONE 0.0s

#8 [logstash linux/amd64 2/3] COPY dist/ /root/dist/
#8 CACHED

#9 [logstash linux/amd64 3/3] RUN apt-get update -y &&     apt-get upgrade -y &&     apt-get install -y     		 adduser              aria2              bash              bzip2              curl &&     ARCH=$(arch) &&     if [ "$ARCH" = "x86_64" ]; then LS_ARCH="amd64"; export _JAVA_OPTIONS=""; fi &&     if [ "$ARCH" = "aarch64" ]; then LS_ARCH="arm64"; export _JAVA_OPTIONS="-XX:UseSVE=0"; fi &&     echo "$ARCH" &&     mkdir -p /etc/listbot &&     cd /etc/listbot &&     aria2c -s16 -x 16 https://listbot.sicherheitstacho.eu/cve.yaml.bz2 &&     aria2c -s16 -x 16 https://listbot.sicherheitstacho.eu/iprep.yaml.bz2 &&     bunzip2 *.bz2 &&     cd /root/dist/ &&     aria2c -s 16 -x 16 https://artifacts.elastic.co/downloads/logstash/logstash-8.16.1-$LS_ARCH.deb &&     dpkg -i logstash-8.16.1-$LS_ARCH.deb &&     cd /root/dist/ &&     cp entrypoint.sh /usr/bin/ &&     chmod u+x /usr/bin/entrypoint.sh &&     mkdir -p /usr/share/logstash/config &&     cp logstash.conf /etc/logstash/ &&     cp http_input.conf /etc/logstash/ &&     cp http_output.conf /etc/logstash/ &&     cp pipelines.yml /usr/share/logstash/config/pipelines.yml &&     cp pipelines_sensor.yml /usr/share/logstash/config/pipelines_sensor.yml &&     cp tpot-template.json /etc/logstash/ &&     cd /usr/share/logstash &&     bin/logstash-plugin update logstash-filter-translate &&     rm /etc/logstash/pipelines.yml &&     rm /etc/logstash/logstash.yml &&     groupmod -g 2000 logstash &&     usermod -u 2000 logstash &&     chown -R logstash:logstash /etc/listbot                                /var/log/logstash/ 			       /var/lib/logstash 			       /usr/share/logstash/data 			       /usr/share/logstash/config/pipelines* &&     chmod 755 /usr/bin/entrypoint.sh &&     apt-get autoremove -y --purge &&     apt-get clean &&         rm -rf /var/lib/apt/lists/*             /tmp/* /var/tmp/*             /root/.cache             /root/*
#9 CACHED

#10 [logstash linux/arm64 2/3] COPY dist/ /root/dist/
#10 CACHED

#11 [logstash linux/arm64 3/3] RUN apt-get update -y &&     apt-get upgrade -y &&     apt-get install -y     		 adduser              aria2              bash              bzip2              curl &&     ARCH=$(arch) &&     if [ "$ARCH" = "x86_64" ]; then LS_ARCH="amd64"; export _JAVA_OPTIONS=""; fi &&     if [ "$ARCH" = "aarch64" ]; then LS_ARCH="arm64"; export _JAVA_OPTIONS="-XX:UseSVE=0"; fi &&     echo "$ARCH" &&     mkdir -p /etc/listbot &&     cd /etc/listbot &&     aria2c -s16 -x 16 https://listbot.sicherheitstacho.eu/cve.yaml.bz2 &&     aria2c -s16 -x 16 https://listbot.sicherheitstacho.eu/iprep.yaml.bz2 &&     bunzip2 *.bz2 &&     cd /root/dist/ &&     aria2c -s 16 -x 16 https://artifacts.elastic.co/downloads/logstash/logstash-8.16.1-$LS_ARCH.deb &&     dpkg -i logstash-8.16.1-$LS_ARCH.deb &&     cd /root/dist/ &&     cp entrypoint.sh /usr/bin/ &&     chmod u+x /usr/bin/entrypoint.sh &&     mkdir -p /usr/share/logstash/config &&     cp logstash.conf /etc/logstash/ &&     cp http_input.conf /etc/logstash/ &&     cp http_output.conf /etc/logstash/ &&     cp pipelines.yml /usr/share/logstash/config/pipelines.yml &&     cp pipelines_sensor.yml /usr/share/logstash/config/pipelines_sensor.yml &&     cp tpot-template.json /etc/logstash/ &&     cd /usr/share/logstash &&     bin/logstash-plugin update logstash-filter-translate &&     rm /etc/logstash/pipelines.yml &&     rm /etc/logstash/logstash.yml &&     groupmod -g 2000 logstash &&     usermod -u 2000 logstash &&     chown -R logstash:logstash /etc/listbot                                /var/log/logstash/ 			       /var/lib/logstash 			       /usr/share/logstash/data 			       /usr/share/logstash/config/pipelines* &&     chmod 755 /usr/bin/entrypoint.sh &&     apt-get autoremove -y --purge &&     apt-get clean &&         rm -rf /var/lib/apt/lists/*             /tmp/* /var/tmp/*             /root/.cache             /root/*
#11 CACHED

#12 [logstash] exporting to image
#12 exporting layers
#12 exporting layers done
#12 exporting manifest sha256:bf06dafed02549d86760e5ccbd9fa2e095f17c3f7ec7aa9e3300fa104d9c42bd done
#12 exporting config sha256:6e48721e489a3b0d861d0f28c41aa9414237a5065ea659d569cc9683f59b77c8 done
#12 exporting attestation manifest sha256:4378e2285cf2f4fdcac9c0e8e362815eca1a0a07fb48a3d7f5c9136aa2590539 0.0s done
#12 exporting manifest sha256:71cca43a23f3911a9b42f5ca6c0b4b13066be1e84648db8bf5d7c4f793f73557 done
#12 exporting config sha256:481e461ccc1e8016e499337ccb5b5de5765ebecdebcbf0606a4711244c346766 done
#12 exporting attestation manifest sha256:a8edb1fc54fb8500f936f17102c215da58d03d63f4e765e7e7a021e655d07bf2 0.0s done
#12 exporting manifest list sha256:d9af1eddcc378122ee6b6347a757cb3bce85c3d379cdf33569561d1e24822253
#12 exporting manifest list sha256:d9af1eddcc378122ee6b6347a757cb3bce85c3d379cdf33569561d1e24822253 done
#12 pushing layers
#12 ...

#13 [logstash auth] f0rc3ps/logstash:pull,push token for registry-1.docker.io
#13 DONE 0.0s

#12 [logstash] exporting to image
#12 pushing layers 1.9s done
#12 pushing manifest for docker.io/f0rc3ps/logstash:24.04.1@sha256:d9af1eddcc378122ee6b6347a757cb3bce85c3d379cdf33569561d1e24822253
#12 pushing manifest for docker.io/f0rc3ps/logstash:24.04.1@sha256:d9af1eddcc378122ee6b6347a757cb3bce85c3d379cdf33569561d1e24822253 3.0s done
#12 ...

#14 [logstash auth] asc3t1c/logstash:pull,push token for ghcr.io
#14 DONE 0.0s

#12 [logstash] exporting to image
#12 pushing layers 1.8s done
#12 pushing manifest for ghcr.io/asc3t1c/logstash:24.04.1@sha256:d9af1eddcc378122ee6b6347a757cb3bce85c3d379cdf33569561d1e24822253
#12 pushing manifest for ghcr.io/asc3t1c/logstash:24.04.1@sha256:d9af1eddcc378122ee6b6347a757cb3bce85c3d379cdf33569561d1e24822253 2.0s done
#12 DONE 8.8s

#15 [logstash] resolving provenance for metadata file
#15 DONE 0.0s
