#0 building with "mybuilder" instance using docker-container driver

#1 [mailoney internal] load build definition from Dockerfile
#1 transferring dockerfile: 965B 0.0s done
#1 DONE 0.0s

#2 [mailoney linux/amd64 internal] load metadata for docker.io/library/alpine:3.19
#2 ...

#3 [mailoney linux/arm64 internal] load metadata for docker.io/library/alpine:3.19
#3 DONE 0.2s

#4 [mailoney internal] load .dockerignore
#4 transferring context: 2B 0.0s done
#4 DONE 0.0s

#2 [mailoney linux/amd64 internal] load metadata for docker.io/library/alpine:3.19
#2 DONE 0.4s

#5 [mailoney linux/arm64 1/3] FROM docker.io/library/alpine:3.19@sha256:6380aa6b04faa579332d4c9d1f65bd7093012ba6e01d9bbcd5e2d8a4f9fae38f
#5 resolve docker.io/library/alpine:3.19@sha256:6380aa6b04faa579332d4c9d1f65bd7093012ba6e01d9bbcd5e2d8a4f9fae38f 0.0s done
#5 DONE 0.0s

#6 [mailoney linux/arm64 2/3] RUN apk --no-cache -U upgrade &&     apk --no-cache -U add 		git 		libcap 		python3 &&     git clone https://github.com/t3chn0m4g3/mailoney /opt/mailoney &&     cd /opt/mailoney &&     git checkout 06e54bd410e0044d26d8462321f1b2811318db0b &&     addgroup -g 2000 mailoney &&     adduser -S -H -s /bin/ash -u 2000 -D -g 2000 mailoney &&     chown -R mailoney:mailoney /opt/mailoney &&     setcap cap_net_bind_service=+ep $(readlink -f $(type -P python3)) &&     apk del --purge git &&     rm -rf /root/* /var/cache/apk/* /opt/mailoney/.git
#6 CACHED

#7 [mailoney linux/arm64 3/3] WORKDIR /opt/mailoney/
#7 CACHED

#8 [mailoney linux/amd64 1/3] FROM docker.io/library/alpine:3.19@sha256:6380aa6b04faa579332d4c9d1f65bd7093012ba6e01d9bbcd5e2d8a4f9fae38f
#8 resolve docker.io/library/alpine:3.19@sha256:6380aa6b04faa579332d4c9d1f65bd7093012ba6e01d9bbcd5e2d8a4f9fae38f 0.0s done
#8 DONE 0.0s

#9 [mailoney linux/amd64 2/3] RUN apk --no-cache -U upgrade &&     apk --no-cache -U add 		git 		libcap 		python3 &&     git clone https://github.com/t3chn0m4g3/mailoney /opt/mailoney &&     cd /opt/mailoney &&     git checkout 06e54bd410e0044d26d8462321f1b2811318db0b &&     addgroup -g 2000 mailoney &&     adduser -S -H -s /bin/ash -u 2000 -D -g 2000 mailoney &&     chown -R mailoney:mailoney /opt/mailoney &&     setcap cap_net_bind_service=+ep $(readlink -f $(type -P python3)) &&     apk del --purge git &&     rm -rf /root/* /var/cache/apk/* /opt/mailoney/.git
#9 CACHED

#10 [mailoney linux/amd64 3/3] WORKDIR /opt/mailoney/
#10 CACHED

#11 [mailoney] exporting to image
#11 exporting layers done
#11 exporting manifest sha256:989daf642c3a0261019731ce59597f09e39698e231d8656c7dfd0979da78d43d done
#11 exporting config sha256:a17bdb4bc1f66ff3fefb7863e96daa4f43e557bb43bd9d9b72c96564aebfd2e4 done
#11 exporting attestation manifest sha256:d0bc633caf0755e77b91706353cee65afdaa18c4eb886a6698833229776e3118 0.0s done
#11 exporting manifest sha256:a73d9834913f0187222142b5266811936d3bf7d07af1148981ce9a5cfd0becd5 done
#11 exporting config sha256:1098a2e7b9421edd36fedc28ac38cee914cb9db791a7e3cf201008fc0e3e591b done
#11 exporting attestation manifest sha256:39966ae725790b7eae4cfc89bd0ea176d33b4775ca81b4f9d8457e474b377d3c 0.0s done
#11 exporting manifest list sha256:501122d7e5660c70aaca65945cc0b6903dc1d1cf5498aff8efa8dc46faabd2c9 0.0s done
#11 pushing layers
#11 ...

#12 [mailoney auth] f0rc3ps/mailoney:pull,push token for registry-1.docker.io
#12 DONE 0.0s

#11 [mailoney] exporting to image
#11 pushing layers 2.1s done
#11 pushing manifest for docker.io/f0rc3ps/mailoney:24.04.1@sha256:501122d7e5660c70aaca65945cc0b6903dc1d1cf5498aff8efa8dc46faabd2c9
#11 pushing manifest for docker.io/f0rc3ps/mailoney:24.04.1@sha256:501122d7e5660c70aaca65945cc0b6903dc1d1cf5498aff8efa8dc46faabd2c9 3.1s done
#11 ...

#13 [mailoney auth] asc3t1c/mailoney:pull,push token for ghcr.io
#13 DONE 0.0s

#11 [mailoney] exporting to image
#11 pushing layers 2.0s done
#11 pushing manifest for ghcr.io/asc3t1c/mailoney:24.04.1@sha256:501122d7e5660c70aaca65945cc0b6903dc1d1cf5498aff8efa8dc46faabd2c9
#11 pushing manifest for ghcr.io/asc3t1c/mailoney:24.04.1@sha256:501122d7e5660c70aaca65945cc0b6903dc1d1cf5498aff8efa8dc46faabd2c9 1.8s done
#11 DONE 9.1s

#14 [mailoney] resolving provenance for metadata file
#14 DONE 0.0s
