#0 building with "mybuilder" instance using docker-container driver

#1 [map internal] load build definition from Dockerfile
#1 transferring dockerfile: 1.09kB 0.0s done
#1 DONE 0.0s

#2 [map auth] library/alpine:pull token for registry-1.docker.io
#2 DONE 0.0s

#3 [map linux/arm64 internal] load metadata for docker.io/library/alpine:3.20
#3 ...

#4 [map linux/amd64 internal] load metadata for docker.io/library/alpine:3.20
#4 DONE 3.9s

#5 [map internal] load .dockerignore
#5 transferring context: 2B done
#5 DONE 0.0s

#3 [map linux/arm64 internal] load metadata for docker.io/library/alpine:3.20
#3 DONE 4.5s

#6 [map linux/amd64 1/3] FROM docker.io/library/alpine:3.20@sha256:31687a2fdd021f85955bf2d0c2682e9c0949827560e1db546358ea094f740f12
#6 resolve docker.io/library/alpine:3.20@sha256:31687a2fdd021f85955bf2d0c2682e9c0949827560e1db546358ea094f740f12 0.0s done
#6 DONE 0.0s

#7 [map linux/amd64 2/3] RUN apk --no-cache -U upgrade &&     apk --no-cache -U add 		build-base 		git 		libcap 		py3-pip 		python3 		python3-dev 		tzdata &&     mkdir -p /opt &&     cd /opt/ &&     git clone https://github.com/t3chn0m4g3/t-pot-attack-map -b 2.2.6 &&     cd t-pot-attack-map &&     pip3 install --break-system-packages --upgrade pip &&     pip3 install --break-system-packages -r requirements.txt &&     setcap cap_net_bind_service=+ep $(readlink -f $(type -P python3)) &&     addgroup -g 2000 map &&     adduser -S -H -s /bin/ash -u 2000 -D -g 2000 map &&     chown map:map -R /opt/t-pot-attack-map &&     apk del --purge build-base 		git 		python3-dev &&     rm -rf /root/* /var/cache/apk/*            /opt/t-pot-attack-map/.git
#7 CACHED

#8 [map linux/amd64 3/3] WORKDIR /opt/t-pot-attack-map
#8 CACHED

#9 [map linux/arm64 1/3] FROM docker.io/library/alpine:3.20@sha256:31687a2fdd021f85955bf2d0c2682e9c0949827560e1db546358ea094f740f12
#9 resolve docker.io/library/alpine:3.20@sha256:31687a2fdd021f85955bf2d0c2682e9c0949827560e1db546358ea094f740f12 0.0s done
#9 DONE 0.0s

#10 [map linux/arm64 2/3] RUN apk --no-cache -U upgrade &&     apk --no-cache -U add 		build-base 		git 		libcap 		py3-pip 		python3 		python3-dev 		tzdata &&     mkdir -p /opt &&     cd /opt/ &&     git clone https://github.com/t3chn0m4g3/t-pot-attack-map -b 2.2.6 &&     cd t-pot-attack-map &&     pip3 install --break-system-packages --upgrade pip &&     pip3 install --break-system-packages -r requirements.txt &&     setcap cap_net_bind_service=+ep $(readlink -f $(type -P python3)) &&     addgroup -g 2000 map &&     adduser -S -H -s /bin/ash -u 2000 -D -g 2000 map &&     chown map:map -R /opt/t-pot-attack-map &&     apk del --purge build-base 		git 		python3-dev &&     rm -rf /root/* /var/cache/apk/*            /opt/t-pot-attack-map/.git
#10 CACHED

#11 [map linux/arm64 3/3] WORKDIR /opt/t-pot-attack-map
#11 CACHED

#12 [map] exporting to image
#12 exporting layers done
#12 exporting manifest sha256:63b78eecfc7f5b953d135deaf52f7038d98dc45497f56376e8042bcc523f1e7b done
#12 exporting config sha256:4f67bc20d74bc8b4cfa42a13c0302b29ffc0d2eab9432ef513d49cb87976793b done
#12 exporting attestation manifest sha256:ab4abacca352df484cdd6d79e0464cb758ebaf6e52de5a3c01d738cc5a395f47 0.0s done
#12 exporting manifest sha256:3849c54dd5c6c212d82d540e6a03ba9a40304448980d9837ec85b8d3624299e1 done
#12 exporting config sha256:b3abecc43aad04b6c4b963eb65b18ca00e0a1fd717069cc7eb390030fda7c3ab done
#12 exporting attestation manifest sha256:845bc22553984036b69bce4c3a0d1a4d4d122b2567b4c265db3ae3bdde61adb3 0.0s done
#12 exporting manifest list sha256:8bb83ac22905ad182dd68537c2b042fe542f63813f32cdc1c85597b46c966463 0.0s done
#12 pushing layers
#12 ...

#13 [map auth] f0rc3ps/map:pull,push token for registry-1.docker.io
#13 DONE 0.0s

#12 [map] exporting to image
#12 pushing layers 6.6s done
#12 pushing manifest for docker.io/f0rc3ps/map:24.04.1@sha256:8bb83ac22905ad182dd68537c2b042fe542f63813f32cdc1c85597b46c966463
#12 pushing manifest for docker.io/f0rc3ps/map:24.04.1@sha256:8bb83ac22905ad182dd68537c2b042fe542f63813f32cdc1c85597b46c966463 7.0s done
#12 pushing layers
#12 ...

#14 [map auth] asc3t1c/map:pull,push token for ghcr.io
#14 DONE 0.0s

#12 [map] exporting to image
#12 pushing layers 4.6s done
#12 pushing manifest for ghcr.io/asc3t1c/map:24.04.1@sha256:8bb83ac22905ad182dd68537c2b042fe542f63813f32cdc1c85597b46c966463
#12 pushing manifest for ghcr.io/asc3t1c/map:24.04.1@sha256:8bb83ac22905ad182dd68537c2b042fe542f63813f32cdc1c85597b46c966463 2.4s done
#12 DONE 20.6s

#15 [map] resolving provenance for metadata file
#15 DONE 0.0s
