#0 building with "mybuilder" instance using docker-container driver

#1 [miniprint internal] load build definition from Dockerfile
#1 transferring dockerfile: 942B 0.0s done
#1 DONE 0.0s

#2 [miniprint linux/arm64 internal] load metadata for docker.io/library/alpine:3.20
#2 DONE 1.2s

#3 [miniprint linux/amd64 internal] load metadata for docker.io/library/alpine:3.20
#3 DONE 1.2s

#4 [miniprint internal] load .dockerignore
#4 transferring context: 2B done
#4 DONE 0.0s

#5 [miniprint linux/amd64 builder 1/7] FROM docker.io/library/alpine:3.20@sha256:31687a2fdd021f85955bf2d0c2682e9c0949827560e1db546358ea094f740f12
#5 resolve docker.io/library/alpine:3.20@sha256:31687a2fdd021f85955bf2d0c2682e9c0949827560e1db546358ea094f740f12 0.0s done
#5 DONE 0.0s

#6 [miniprint linux/arm64 builder 1/7] FROM docker.io/library/alpine:3.20@sha256:31687a2fdd021f85955bf2d0c2682e9c0949827560e1db546358ea094f740f12
#6 resolve docker.io/library/alpine:3.20@sha256:31687a2fdd021f85955bf2d0c2682e9c0949827560e1db546358ea094f740f12 0.0s done
#6 DONE 0.0s

#7 [miniprint linux/amd64 stage-1 2/6] RUN apk --no-cache -U upgrade
#7 CACHED

#8 [miniprint linux/amd64 stage-1 4/6] COPY --from=builder /opt/miniprint/fake-files/ /opt/miniprint/fake-files/
#8 CACHED

#9 [miniprint linux/amd64 stage-1 5/6] COPY --from=builder /opt/miniprint/uploads/ /opt/miniprint/uploads/
#9 CACHED

#10 [miniprint linux/amd64 builder 6/7] RUN	PIP3 install --break-system-packages -r requirements.txt
#10 CACHED

#11 [miniprint linux/amd64 builder 5/7] RUN pip3 install --break-system-packages pyinstaller
#11 CACHED

#12 [miniprint linux/amd64 stage-1 3/6] COPY --from=builder /opt/miniprint/dist/* /opt/miniprint/
#12 CACHED

#13 [miniprint linux/amd64 builder 4/7] WORKDIR /opt/miniprint
#13 CACHED

#14 [miniprint linux/amd64 builder 2/7] RUN apk --no-cache -U upgrade && 	apk --no-cache -U add 	build-base 	git 	python3     py3-pip
#14 CACHED

#15 [miniprint linux/amd64 builder 7/7] RUN pyinstaller server.py 		--add-data "./fake-files:./fake-files" 		--add-data "./uploads:./uploads"
#15 CACHED

#16 [miniprint linux/amd64 builder 3/7] RUN	MKDIR -p /opt && 	cd /opt/ && 	git clone https://github.com/t3chn0m4g3/miniprint
#16 CACHED

#17 [miniprint linux/amd64 stage-1 6/6] WORKDIR /opt/miniprint/
#17 CACHED

#18 [miniprint linux/arm64 stage-1 2/6] RUN apk --no-cache -U upgrade
#18 CACHED

#19 [miniprint linux/arm64 builder 4/7] WORKDIR /opt/miniprint
#19 CACHED

#20 [miniprint linux/arm64 builder 2/7] RUN apk --no-cache -U upgrade && 	apk --no-cache -U add 	build-base 	git 	python3     py3-pip
#20 CACHED

#21 [miniprint linux/arm64 builder 5/7] RUN pip3 install --break-system-packages pyinstaller
#21 CACHED

#22 [miniprint linux/arm64 stage-1 3/6] COPY --from=builder /opt/miniprint/dist/* /opt/miniprint/
#22 CACHED

#23 [miniprint linux/arm64 stage-1 5/6] COPY --from=builder /opt/miniprint/uploads/ /opt/miniprint/uploads/
#23 CACHED

#24 [miniprint linux/arm64 builder 7/7] RUN pyinstaller server.py 		--add-data "./fake-files:./fake-files" 		--add-data "./uploads:./uploads"
#24 CACHED

#25 [miniprint linux/arm64 stage-1 4/6] COPY --from=builder /opt/miniprint/fake-files/ /opt/miniprint/fake-files/
#25 CACHED

#26 [miniprint linux/arm64 builder 3/7] RUN	MKDIR -p /opt && 	cd /opt/ && 	git clone https://github.com/t3chn0m4g3/miniprint
#26 CACHED

#27 [miniprint linux/arm64 builder 6/7] RUN	PIP3 install --break-system-packages -r requirements.txt
#27 CACHED

#28 [miniprint linux/arm64 stage-1 6/6] WORKDIR /opt/miniprint/
#28 CACHED

#29 [miniprint] exporting to image
#29 exporting layers done
#29 exporting manifest sha256:74e31d991c744c565e4519defda359d064744637b6f4c782861c3d9940a5e0f6 done
#29 exporting config sha256:5cb6be529b08df59201f851a5f60737627921485821563ccd8301b14e44ca2ed done
#29 exporting attestation manifest sha256:16fad5c32777e5ce76ebef06434dd0ad1499c10f47048fd088e8f737eba5ebd4 0.0s done
#29 exporting manifest sha256:516f4136f2e0be1b09fb60fbad88f80586333e42e835021924e8798fbb8201f7 done
#29 exporting config sha256:e022197a09108614f01ee2dd40be7f15eabc65ee92e080393f41175a81e3c5b6 done
#29 exporting attestation manifest sha256:0d62920c8f54fbd44e906b95a12d745d20a49194bc69c7a7388e2064561a7d46 0.0s done
#29 exporting manifest list sha256:675e34575a01996977880cfd455e3ca8839997d667e2199e645816f4e8126c36
#29 exporting manifest list sha256:675e34575a01996977880cfd455e3ca8839997d667e2199e645816f4e8126c36 0.0s done
#29 pushing layers
#29 ...

#30 [miniprint auth] f0rc3ps/miniprint:pull,push token for registry-1.docker.io
#30 DONE 0.0s

#29 [miniprint] exporting to image
#29 pushing layers 5.9s done
#29 pushing manifest for docker.io/f0rc3ps/miniprint:24.04.1@sha256:675e34575a01996977880cfd455e3ca8839997d667e2199e645816f4e8126c36
#29 pushing manifest for docker.io/f0rc3ps/miniprint:24.04.1@sha256:675e34575a01996977880cfd455e3ca8839997d667e2199e645816f4e8126c36 6.4s done
#29 pushing layers
#29 ...

#31 [miniprint auth] asc3t1c/miniprint:pull,push token for ghcr.io
#31 DONE 0.0s

#29 [miniprint] exporting to image
#29 pushing layers 4.0s done
#29 pushing manifest for ghcr.io/asc3t1c/miniprint:24.04.1@sha256:675e34575a01996977880cfd455e3ca8839997d667e2199e645816f4e8126c36
#29 pushing manifest for ghcr.io/asc3t1c/miniprint:24.04.1@sha256:675e34575a01996977880cfd455e3ca8839997d667e2199e645816f4e8126c36 2.3s done
#29 DONE 18.7s

#32 [miniprint] resolving provenance for metadata file
#32 DONE 0.0s
