#0 building with "mybuilder" instance using docker-container driver

#1 [phpox internal] load build definition from Dockerfile
#1 transferring dockerfile: 1.17kB 0.0s done
#1 DONE 0.0s

#2 [phpox linux/arm64 internal] load metadata for docker.io/library/alpine:3.20
#2 DONE 2.0s

#3 [phpox linux/amd64 internal] load metadata for docker.io/library/alpine:3.20
#3 DONE 2.1s

#4 [phpox internal] load .dockerignore
#4 transferring context: 2B 0.0s done
#4 DONE 0.0s

#5 [phpox linux/amd64 1/4] FROM docker.io/library/alpine:3.20@sha256:31687a2fdd021f85955bf2d0c2682e9c0949827560e1db546358ea094f740f12
#5 resolve docker.io/library/alpine:3.20@sha256:31687a2fdd021f85955bf2d0c2682e9c0949827560e1db546358ea094f740f12
#5 ...

#6 [phpox linux/arm64 1/4] FROM docker.io/library/alpine:3.20@sha256:31687a2fdd021f85955bf2d0c2682e9c0949827560e1db546358ea094f740f12
#6 resolve docker.io/library/alpine:3.20@sha256:31687a2fdd021f85955bf2d0c2682e9c0949827560e1db546358ea094f740f12 0.0s done
#6 DONE 0.0s

#7 [phpox linux/amd64 2/3] RUN apk --no-cache -U upgrade &&     apk --no-cache -U add 		build-base 		file 		git 		make 		php83 		php83-dev 		py3-aiohttp 		python3 		python3-dev 		re2c &&     git clone https://github.com/mushorg/BFR -b v1.0.0 /opt/BFR &&     cd /opt/BFR &&     phpize83 &&     ./configure       --with-php-config=/usr/bin/php-config83       --enable-bfr &&     make &&     make install &&     cd / &&     rm -rf /opt/BFR /tmp/* /var/tmp/* &&     echo "zend_extension = "$(find /usr -name bfr.so) >> /etc/php83/php.ini &&     git clone https://github.com/mushorg/phpox /opt/phpox &&     cd /opt/phpox &&     git checkout 55a6cbdc2c62f08eb45acffaf84f23f06a1d4703 &&     make &&     apk del --purge build-base                     git                     php83-dev                     python3-dev &&     rm -rf /root/* /var/cache/apk/* /opt/phpox/.git
#7 CACHED

#8 [phpox linux/amd64 3/3] WORKDIR /opt/phpox
#8 CACHED

#9 [phpox linux/arm64 2/3] RUN apk --no-cache -U upgrade &&     apk --no-cache -U add 		build-base 		file 		git 		make 		php83 		php83-dev 		py3-aiohttp 		python3 		python3-dev 		re2c &&     git clone https://github.com/mushorg/BFR -b v1.0.0 /opt/BFR &&     cd /opt/BFR &&     phpize83 &&     ./configure       --with-php-config=/usr/bin/php-config83       --enable-bfr &&     make &&     make install &&     cd / &&     rm -rf /opt/BFR /tmp/* /var/tmp/* &&     echo "zend_extension = "$(find /usr -name bfr.so) >> /etc/php83/php.ini &&     git clone https://github.com/mushorg/phpox /opt/phpox &&     cd /opt/phpox &&     git checkout 55a6cbdc2c62f08eb45acffaf84f23f06a1d4703 &&     make &&     apk del --purge build-base                     git                     php83-dev                     python3-dev &&     rm -rf /root/* /var/cache/apk/* /opt/phpox/.git
#9 CACHED

#10 [phpox linux/arm64 3/3] WORKDIR /opt/phpox
#10 CACHED

#11 [phpox] exporting to image
#11 exporting layers done
#11 exporting manifest sha256:339caf5362081e8fd1882684c3c2293a3548fe7c42d1c677e6267dceb37286b0 done
#11 exporting config sha256:647c9d4acf32ed50b8ff3b34272192ffa11b8e36af537785ce99560d3e8bee34 done
#11 exporting attestation manifest sha256:bea45079a53d5ac2a22dbe4b9f40ff6726423d264917d15e23c077899b8aca1c 0.0s done
#11 exporting manifest sha256:52c1b80798512e7b70e475bf0323047cba15c54bcfaa3234091be5c99731da58 0.0s done
#11 exporting config sha256:fedb841a6921c747bbdae479c2b807deff9c5546228cb794a0a189cf79e27303 0.0s done
#11 exporting attestation manifest sha256:dac114516af2162224240cc75b6c9a520e78f0944d7692f73ce738ba6e4e531e 0.1s done
#11 exporting manifest list sha256:9206d749f94392a16aa334c4791ae6fbb8fe816c6e151a0f10b889474615dccb
#11 exporting manifest list sha256:9206d749f94392a16aa334c4791ae6fbb8fe816c6e151a0f10b889474615dccb 0.0s done
#11 pushing layers
#11 ...

#12 [phpox auth] f0rc3ps/phpox:pull,push token for registry-1.docker.io
#12 DONE 0.0s

#11 [phpox] exporting to image
#11 pushing layers 6.5s done
#11 pushing manifest for docker.io/f0rc3ps/phpox:24.04.1@sha256:9206d749f94392a16aa334c4791ae6fbb8fe816c6e151a0f10b889474615dccb
#11 pushing manifest for docker.io/f0rc3ps/phpox:24.04.1@sha256:9206d749f94392a16aa334c4791ae6fbb8fe816c6e151a0f10b889474615dccb 5.3s done
#11 pushing layers
#11 ...

#13 [phpox auth] asc3t1c/phpox:pull,push token for ghcr.io
#13 DONE 0.0s

#11 [phpox] exporting to image
#11 pushing layers 2.5s done
#11 pushing manifest for ghcr.io/asc3t1c/phpox:24.04.1@sha256:9206d749f94392a16aa334c4791ae6fbb8fe816c6e151a0f10b889474615dccb
#11 pushing manifest for ghcr.io/asc3t1c/phpox:24.04.1@sha256:9206d749f94392a16aa334c4791ae6fbb8fe816c6e151a0f10b889474615dccb 3.1s done
#11 DONE 17.7s

#14 [phpox] resolving provenance for metadata file
#14 DONE 0.0s
