#0 building with "mybuilder" instance using docker-container driver

#1 [redis internal] load build definition from Dockerfile
#1 transferring dockerfile: 568B 0.0s done
#1 DONE 0.0s

#2 [redis linux/arm64 internal] load metadata for docker.io/library/alpine:3.20
#2 ...

#3 [redis linux/amd64 internal] load metadata for docker.io/library/alpine:3.20
#3 DONE 0.7s

#4 [redis internal] load .dockerignore
#4 transferring context: 2B done
#4 DONE 0.0s

#2 [redis linux/arm64 internal] load metadata for docker.io/library/alpine:3.20
#2 DONE 0.8s

#5 [redis linux/arm64 1/3] FROM docker.io/library/alpine:3.20@sha256:31687a2fdd021f85955bf2d0c2682e9c0949827560e1db546358ea094f740f12
#5 resolve docker.io/library/alpine:3.20@sha256:31687a2fdd021f85955bf2d0c2682e9c0949827560e1db546358ea094f740f12 0.0s done
#5 DONE 0.1s

#6 [redis linux/amd64 1/3] FROM docker.io/library/alpine:3.20@sha256:31687a2fdd021f85955bf2d0c2682e9c0949827560e1db546358ea094f740f12
#6 resolve docker.io/library/alpine:3.20@sha256:31687a2fdd021f85955bf2d0c2682e9c0949827560e1db546358ea094f740f12 0.0s done
#6 DONE 0.1s

#7 [redis internal] load build context
#7 transferring context: 60B done
#7 DONE 0.0s

#8 [redis linux/amd64 2/3] COPY dist/ /root/dist/
#8 CACHED

#9 [redis linux/amd64 3/3] RUN apk --no-cache -U upgrade &&     apk --no-cache -U add redis shadow &&     cp /root/dist/redis.conf /etc &&     groupmod -g 2000 redis &&     usermod -u 2000 redis &&     apk del --purge             shadow &&     rm -rf /root/*            /tmp/*            /var/tmp/*            /var/cache/apk/*
#9 CACHED

#10 [redis linux/arm64 2/3] COPY dist/ /root/dist/
#10 CACHED

#11 [redis linux/arm64 3/3] RUN apk --no-cache -U upgrade &&     apk --no-cache -U add redis shadow &&     cp /root/dist/redis.conf /etc &&     groupmod -g 2000 redis &&     usermod -u 2000 redis &&     apk del --purge             shadow &&     rm -rf /root/*            /tmp/*            /var/tmp/*            /var/cache/apk/*
#11 CACHED

#12 [redis] exporting to image
#12 exporting layers done
#12 exporting manifest sha256:ee69e1623f0f7732cc54ff43af8f360cb807614e4563d90ffc4e655aca192644 done
#12 exporting config sha256:e169a6643db3496bbf0ade4cb9f461882da46c5b9aca5403e4966615a1243000 done
#12 exporting attestation manifest sha256:5f35a63ead1136d4fee0445c449432639fd418a1c58d9c0b7678909e2c2e55b6 0.0s done
#12 exporting manifest sha256:3f3182c11ba366773c89637f6fcf5c7e272572bce22b0519374af2a73413997a done
#12 exporting config sha256:293e6f0e3edaa6e9b3ac6f2925e408a3d2f9424d1c1b7947af9b50d350f93362 done
#12 exporting attestation manifest sha256:2c652b79c562f6ece06631fe48cdd1122c5e3d3bb5dd58a183952564c61be924
#12 exporting attestation manifest sha256:2c652b79c562f6ece06631fe48cdd1122c5e3d3bb5dd58a183952564c61be924 0.0s done
#12 exporting manifest list sha256:79d0703b9f72b2a028539403fa3a7fa3e489a7986111da77b3e0c1f309b45ca9 0.0s done
#12 pushing layers
#12 ...

#13 [redis auth] f0rc3ps/redis:pull,push token for registry-1.docker.io
#13 DONE 0.0s

#12 [redis] exporting to image
#12 pushing layers 2.7s done
#12 pushing manifest for docker.io/f0rc3ps/redis:24.04.1@sha256:79d0703b9f72b2a028539403fa3a7fa3e489a7986111da77b3e0c1f309b45ca9
