#0 building with "mybuilder" instance using docker-container driver

#1 [sentrypeer internal] load build definition from Dockerfile
#1 transferring dockerfile: 693B done
#1 DONE 0.0s

#2 [sentrypeer linux/arm64 internal] load metadata for docker.io/library/alpine:edge
#2 ...

#3 [sentrypeer linux/amd64 internal] load metadata for docker.io/library/alpine:edge
#3 DONE 0.4s

#4 [sentrypeer internal] load .dockerignore
#4 transferring context: 2B done
#4 DONE 0.0s

#2 [sentrypeer linux/arm64 internal] load metadata for docker.io/library/alpine:edge
#2 DONE 0.8s

#5 [sentrypeer linux/arm64 1/2] FROM docker.io/library/alpine:edge@sha256:115729ec5cb049ba6359c3ab005ac742012d92bbaa5b8bc1a878f1e8f62c0cb8
#5 resolve docker.io/library/alpine:edge@sha256:115729ec5cb049ba6359c3ab005ac742012d92bbaa5b8bc1a878f1e8f62c0cb8 0.0s done
#5 DONE 0.0s

#6 [sentrypeer linux/arm64 2/2] RUN apk -U upgrade --no-cache && 	apk -U add --no-cache -X http://dl-cdn.alpinelinux.org/alpine/edge/testing 		sentrypeer &&     mkdir -p /var/log/sentrypeer &&     addgroup -g 2000 sentrypeer &&     adduser -S -H -s /bin/ash -u 2000 -D -g 2000 sentrypeer &&     chown -R sentrypeer:sentrypeer /usr/bin/sentrypeer &&     rm -rf /root/*            /var/cache/apk/*
#6 CACHED

#7 [sentrypeer linux/amd64 1/2] FROM docker.io/library/alpine:edge@sha256:115729ec5cb049ba6359c3ab005ac742012d92bbaa5b8bc1a878f1e8f62c0cb8
#7 resolve docker.io/library/alpine:edge@sha256:115729ec5cb049ba6359c3ab005ac742012d92bbaa5b8bc1a878f1e8f62c0cb8 0.0s done
#7 DONE 0.1s

#8 [sentrypeer linux/amd64 2/2] RUN apk -U upgrade --no-cache && 	apk -U add --no-cache -X http://dl-cdn.alpinelinux.org/alpine/edge/testing 		sentrypeer &&     mkdir -p /var/log/sentrypeer &&     addgroup -g 2000 sentrypeer &&     adduser -S -H -s /bin/ash -u 2000 -D -g 2000 sentrypeer &&     chown -R sentrypeer:sentrypeer /usr/bin/sentrypeer &&     rm -rf /root/*            /var/cache/apk/*
#8 CACHED

#9 [sentrypeer] exporting to image
#9 exporting layers done
#9 exporting manifest sha256:273767ffe9ec1876577d8514a6b362db245e54411f128537e7f8901ebbf10962 done
#9 exporting config sha256:69344e0d35d6f9395bd3e09249e92860e8163bb88f812379b88e92c632ce4a07 done
#9 exporting attestation manifest sha256:d7a5f8a17efc40a71b0c37baf81c6fd449d428d9ce4dce3a5996258818a35a44 0.0s done
#9 exporting manifest sha256:f2cdeaeac245f8bb2cc9d1c46a829692c7e392a5a4b7ccd1cd1c86ced19ec9e5 done
#9 exporting config sha256:8ac007a8f1104224b7bca1e5ba317a11e567216d38f15d1aa9aea4b7fe0ad723 done
#9 exporting attestation manifest sha256:fa7059e676ec9222f7abbbf64541aeebc8bc12226984cf43892296e6fdc0b6a4 0.0s done
#9 exporting manifest list sha256:61408c3faa47bfa848e19fd9e37a5e594497f8ef93c9ac7c835d0119c2454075 0.0s done
#9 pushing layers
#9 ...

#10 [sentrypeer auth] f0rc3ps/sentrypeer:pull,push token for registry-1.docker.io
#10 DONE 0.0s

#9 [sentrypeer] exporting to image
#9 pushing layers 4.1s done
#9 pushing manifest for docker.io/f0rc3ps/sentrypeer:24.04.1@sha256:61408c3faa47bfa848e19fd9e37a5e594497f8ef93c9ac7c835d0119c2454075
#9 pushing manifest for docker.io/f0rc3ps/sentrypeer:24.04.1@sha256:61408c3faa47bfa848e19fd9e37a5e594497f8ef93c9ac7c835d0119c2454075 7.9s done
#9 pushing layers
#9 ...

#11 [sentrypeer auth] asc3t1c/sentrypeer:pull,push token for ghcr.io
#11 DONE 0.0s

#9 [sentrypeer] exporting to image
#9 pushing layers 1.7s done
#9 pushing manifest for ghcr.io/asc3t1c/sentrypeer:24.04.1@sha256:61408c3faa47bfa848e19fd9e37a5e594497f8ef93c9ac7c835d0119c2454075
#9 pushing manifest for ghcr.io/asc3t1c/sentrypeer:24.04.1@sha256:61408c3faa47bfa848e19fd9e37a5e594497f8ef93c9ac7c835d0119c2454075 3.2s done
#9 DONE 17.1s

#12 [sentrypeer] resolving provenance for metadata file
#12 DONE 0.0s
