#0 building with "mybuilder" instance using docker-container driver

#1 [snare internal] load build definition from Dockerfile
#1 transferring dockerfile: 1.42kB 0.0s done
#1 DONE 0.0s

#2 [snare linux/arm64 internal] load metadata for docker.io/library/alpine:3.19
#2 DONE 0.2s

#3 [snare linux/amd64 internal] load metadata for docker.io/library/alpine:3.19
#3 DONE 0.2s

#4 [snare internal] load .dockerignore
#4 transferring context: 2B 0.0s done
#4 DONE 0.0s

#5 [snare linux/amd64 1/3] FROM docker.io/library/alpine:3.19@sha256:6380aa6b04faa579332d4c9d1f65bd7093012ba6e01d9bbcd5e2d8a4f9fae38f
#5 resolve docker.io/library/alpine:3.19@sha256:6380aa6b04faa579332d4c9d1f65bd7093012ba6e01d9bbcd5e2d8a4f9fae38f 0.0s done
#5 DONE 0.0s

#6 [snare linux/arm64 1/3] FROM docker.io/library/alpine:3.19@sha256:6380aa6b04faa579332d4c9d1f65bd7093012ba6e01d9bbcd5e2d8a4f9fae38f
#6 resolve docker.io/library/alpine:3.19@sha256:6380aa6b04faa579332d4c9d1f65bd7093012ba6e01d9bbcd5e2d8a4f9fae38f 0.0s done
#6 DONE 0.0s

#7 [snare internal] load build context
#7 transferring context: 18.46MB 1.7s done
#7 DONE 1.8s

#8 [snare linux/amd64 2/3] COPY dist/ /root/dist/
#8 CACHED

#9 [snare linux/amd64 3/3] RUN apk --no-cache -U upgrade &&     apk --no-cache -U add 		build-base 		git 		linux-headers 		python3 		python3-dev 		py3-aiohttp 		py3-beautifulsoup4 		py3-gitpython 		py3-jinja2 		py3-markupsafe 		py3-setuptools 		py3-pip 		py3-pycodestyle 		py3-wheel &&     git clone https://github.com/mushorg/snare /opt/snare &&     cd /opt/snare/ && 	git checkout 08c69b7165354ea2040b6170c37d92ff3c304f96 &&     cp /root/dist/requirements.txt . &&     pip3 install --break-system-packages --no-cache-dir -r requirements.txt &&     python3 setup.py install &&     cd / &&     rm -rf /opt/snare &&     mkdir -p /opt/snare/pages &&     mv /root/dist/pages/* /opt/snare/pages/ &&     addgroup -g 2000 snare &&     adduser -S -s /bin/ash -u 2000 -D -g 2000 snare &&     mkdir /var/log/tanner &&     chown -R snare:snare /opt/snare &&     apk del --purge             build-base             linux-headers             python3-dev &&     rm -rf /root/*            /tmp/* /var/tmp/*            /var/cache/apk/*
#9 CACHED

#10 [snare linux/arm64 2/3] COPY dist/ /root/dist/
#10 CACHED

#11 [snare linux/arm64 3/3] RUN apk --no-cache -U upgrade &&     apk --no-cache -U add 		build-base 		git 		linux-headers 		python3 		python3-dev 		py3-aiohttp 		py3-beautifulsoup4 		py3-gitpython 		py3-jinja2 		py3-markupsafe 		py3-setuptools 		py3-pip 		py3-pycodestyle 		py3-wheel &&     git clone https://github.com/mushorg/snare /opt/snare &&     cd /opt/snare/ && 	git checkout 08c69b7165354ea2040b6170c37d92ff3c304f96 &&     cp /root/dist/requirements.txt . &&     pip3 install --break-system-packages --no-cache-dir -r requirements.txt &&     python3 setup.py install &&     cd / &&     rm -rf /opt/snare &&     mkdir -p /opt/snare/pages &&     mv /root/dist/pages/* /opt/snare/pages/ &&     addgroup -g 2000 snare &&     adduser -S -s /bin/ash -u 2000 -D -g 2000 snare &&     mkdir /var/log/tanner &&     chown -R snare:snare /opt/snare &&     apk del --purge             build-base             linux-headers             python3-dev &&     rm -rf /root/*            /tmp/* /var/tmp/*            /var/cache/apk/*
#11 CACHED

#12 [snare] exporting to image
#12 exporting layers done
#12 exporting manifest sha256:a7b566558d63a0e629cdd439886890d35af5fe7a299cc815c6c39855844c5034 done
#12 exporting config sha256:f613a1584b1bf8014eae363398f6a5d95507e7e76ce6fdeeac95fcc676ea87bd done
#12 exporting attestation manifest sha256:e0664851cd1e0390a5ec821f3879eb808a5818fa9f50600b1229211e1eac082a 0.0s done
#12 exporting manifest sha256:999c551e1e440e4bb624d84e823d2ec878201de01c6ae135981eb96473693c13 done
#12 exporting config sha256:597252d3827f248ee6fece795b443f3cac8cba0777818e436d9b98a5f6cf534f
#12 exporting config sha256:597252d3827f248ee6fece795b443f3cac8cba0777818e436d9b98a5f6cf534f done
#12 exporting attestation manifest sha256:071be0e09337406a2f9724339cd322f146f0dc919f50c4e74ffb905ecd6114ea 0.0s done
#12 exporting manifest list sha256:7aed372651e55b8523cd8c40742babca0a31ef5d3c591bfcfe000538704f598b 0.0s done
#12 pushing layers
#12 ...

#13 [snare auth] f0rc3ps/snare:pull,push token for registry-1.docker.io
#13 DONE 0.0s

#12 [snare] exporting to image
#12 pushing layers 1.7s done
#12 pushing manifest for docker.io/f0rc3ps/snare:24.04.1@sha256:7aed372651e55b8523cd8c40742babca0a31ef5d3c591bfcfe000538704f598b
#12 pushing manifest for docker.io/f0rc3ps/snare:24.04.1@sha256:7aed372651e55b8523cd8c40742babca0a31ef5d3c591bfcfe000538704f598b 2.1s done
#12 ...

#14 [snare auth] asc3t1c/snare:pull,push token for ghcr.io
#14 DONE 0.0s

#12 [snare] exporting to image
#12 pushing layers 2.5s done
#12 pushing manifest for ghcr.io/asc3t1c/snare:24.04.1@sha256:7aed372651e55b8523cd8c40742babca0a31ef5d3c591bfcfe000538704f598b
#12 pushing manifest for ghcr.io/asc3t1c/snare:24.04.1@sha256:7aed372651e55b8523cd8c40742babca0a31ef5d3c591bfcfe000538704f598b 1.7s done
#12 DONE 8.2s

#15 [snare] resolving provenance for metadata file
#15 DONE 0.0s
