#0 building with "mybuilder" instance using docker-container driver

#1 [spiderfoot internal] load build definition from Dockerfile
#1 transferring dockerfile: 2.37kB 0.0s done
#1 DONE 0.0s

#2 [spiderfoot linux/amd64 internal] load metadata for docker.io/library/alpine:3.20
#2 ...

#3 [spiderfoot linux/arm64 internal] load metadata for docker.io/library/alpine:3.20
#3 DONE 0.2s

#4 [spiderfoot internal] load .dockerignore
#4 transferring context: 2B done
#4 DONE 0.0s

#2 [spiderfoot linux/amd64 internal] load metadata for docker.io/library/alpine:3.20
#2 DONE 0.4s

#5 [spiderfoot linux/amd64 1/4] FROM docker.io/library/alpine:3.20@sha256:31687a2fdd021f85955bf2d0c2682e9c0949827560e1db546358ea094f740f12
#5 resolve docker.io/library/alpine:3.20@sha256:31687a2fdd021f85955bf2d0c2682e9c0949827560e1db546358ea094f740f12 0.0s done
#5 DONE 0.1s

#6 [spiderfoot linux/arm64 1/4] FROM docker.io/library/alpine:3.20@sha256:31687a2fdd021f85955bf2d0c2682e9c0949827560e1db546358ea094f740f12
#6 resolve docker.io/library/alpine:3.20@sha256:31687a2fdd021f85955bf2d0c2682e9c0949827560e1db546358ea094f740f12 0.1s done
#6 DONE 0.1s

#7 [spiderfoot internal] load build context
#7 transferring context: 346B 0.0s done
#7 DONE 0.0s

#8 [spiderfoot linux/amd64 2/4] COPY dist/ /root/dist/
#8 CACHED

#9 [spiderfoot linux/amd64 3/4] RUN apk --no-cache -U upgrade && 	apk --no-cache -U add 		build-base 		curl 		git 		jpeg-dev 		libffi-dev 		libxml2 		libxml2-dev 		libxslt 		libxslt-dev 		musl 		musl-dev 		openjpeg-dev 		openssl 		openssl-dev 		python3 		python3-dev 		py3-cryptography 		py3-ipaddr 		py3-beautifulsoup4 		py3-dnspython 		py3-exifread 		py3-future 		py3-jaraco.classes 		py3-jaraco.context 		py3-jaraco.functools 		py3-lxml 		py3-mako 		py3-more-itertools 		py3-netaddr 		py3-networkx 		py3-openssl 		py3-pillow 		py3-portend 		py3-phonenumbers 		py3-pip 		py3-pysocks 		py3-requests 		py3-tempora 		py3-wheel 		py3-xlsxwriter 		py3-yaml 		swig 		tinyxml 		tinyxml-dev 		zlib-dev &&     addgroup -g 2000 spiderfoot &&     adduser -S -s /bin/ash -u 2000 -D -g 2000 spiderfoot && 	git config --global --add safe.directory /home/spiderfoot &&     git clone https://github.com/smicallef/spiderfoot /home/spiderfoot &&     cd /home/spiderfoot &&     git checkout 0f815a203afebf05c98b605dba5cf0475a0ee5fd &&     pip3 install --no-cache-dir --break-system-packages --upgrade pip &&     cp /root/dist/requirements.txt . &&     pip3 install --no-cache-dir --break-system-packages --no-cache-dir -r requirements.txt &&     mkdir -p /home/spiderfoot/.spiderfoot/logs &&     chown -R spiderfoot:spiderfoot /home/spiderfoot &&     sed -i "s#'root': '\/'#'root': '\/spiderfoot'#" /home/spiderfoot/sf.py &&     sed -i "s#'root', '\/'#'root', '\/spiderfoot'#" /home/spiderfoot/sf.py &&     apk del --purge build-base 		gcc 		git 		libffi-dev 		libxml2-dev 		libxslt-dev 		musl-dev 		openssl-dev 		python3-dev 		swig 		tinyxml-dev && 	rm -rf /var/cache/apk/* /home/spiderfoot/.git
#9 CACHED

#10 [spiderfoot linux/amd64 4/4] WORKDIR /home/spiderfoot
#10 CACHED

#11 [spiderfoot linux/arm64 2/4] COPY dist/ /root/dist/
#11 CACHED

#12 [spiderfoot linux/arm64 3/4] RUN apk --no-cache -U upgrade && 	apk --no-cache -U add 		build-base 		curl 		git 		jpeg-dev 		libffi-dev 		libxml2 		libxml2-dev 		libxslt 		libxslt-dev 		musl 		musl-dev 		openjpeg-dev 		openssl 		openssl-dev 		python3 		python3-dev 		py3-cryptography 		py3-ipaddr 		py3-beautifulsoup4 		py3-dnspython 		py3-exifread 		py3-future 		py3-jaraco.classes 		py3-jaraco.context 		py3-jaraco.functools 		py3-lxml 		py3-mako 		py3-more-itertools 		py3-netaddr 		py3-networkx 		py3-openssl 		py3-pillow 		py3-portend 		py3-phonenumbers 		py3-pip 		py3-pysocks 		py3-requests 		py3-tempora 		py3-wheel 		py3-xlsxwriter 		py3-yaml 		swig 		tinyxml 		tinyxml-dev 		zlib-dev &&     addgroup -g 2000 spiderfoot &&     adduser -S -s /bin/ash -u 2000 -D -g 2000 spiderfoot && 	git config --global --add safe.directory /home/spiderfoot &&     git clone https://github.com/smicallef/spiderfoot /home/spiderfoot &&     cd /home/spiderfoot &&     git checkout 0f815a203afebf05c98b605dba5cf0475a0ee5fd &&     pip3 install --no-cache-dir --break-system-packages --upgrade pip &&     cp /root/dist/requirements.txt . &&     pip3 install --no-cache-dir --break-system-packages --no-cache-dir -r requirements.txt &&     mkdir -p /home/spiderfoot/.spiderfoot/logs &&     chown -R spiderfoot:spiderfoot /home/spiderfoot &&     sed -i "s#'root': '\/'#'root': '\/spiderfoot'#" /home/spiderfoot/sf.py &&     sed -i "s#'root', '\/'#'root', '\/spiderfoot'#" /home/spiderfoot/sf.py &&     apk del --purge build-base 		gcc 		git 		libffi-dev 		libxml2-dev 		libxslt-dev 		musl-dev 		openssl-dev 		python3-dev 		swig 		tinyxml-dev && 	rm -rf /var/cache/apk/* /home/spiderfoot/.git
#12 CACHED

#13 [spiderfoot linux/arm64 4/4] WORKDIR /home/spiderfoot
#13 CACHED

#14 [spiderfoot] exporting to image
#14 exporting layers done
#14 exporting manifest sha256:3418b37a927979613f7f3b728761fc35e391c8ee36f95d2d61a25e1d032b5d47 done
#14 exporting config sha256:78a88bbf8ee4a2e5da47180eb35f3c4bf82fcaed887a9cf1c35d445243477f01 done
#14 exporting attestation manifest sha256:702151a1e13c91f2203ea3474770d6ee97000d82a4e74494f8a55e7c0da41752 0.0s done
#14 exporting manifest sha256:145fc6bde67e5a67a71fa44227574aadc619229601db5c57f40b2c890c3b7292 done
#14 exporting config sha256:612afb4ad9df88b2e43cf373aec78b4453a80f7587dab52e4071e203ab784c40 done
#14 exporting attestation manifest sha256:3566b7a6093a88cb5e9cfb6ebb071b6036b12df3d9f14f8558bb6bd29991b73d 0.0s done
#14 exporting manifest list sha256:c4250fd230b8e979d8e5aa75ba6917dce1c85187677d05a69f0fd8a7d076f1e9 0.0s done
#14 pushing layers
#14 ...

#15 [spiderfoot auth] f0rc3ps/spiderfoot:pull,push token for registry-1.docker.io
#15 DONE 0.0s

#14 [spiderfoot] exporting to image
#14 pushing layers 1.8s done
#14 pushing manifest for docker.io/f0rc3ps/spiderfoot:24.04.1@sha256:c4250fd230b8e979d8e5aa75ba6917dce1c85187677d05a69f0fd8a7d076f1e9
#14 pushing manifest for docker.io/f0rc3ps/spiderfoot:24.04.1@sha256:c4250fd230b8e979d8e5aa75ba6917dce1c85187677d05a69f0fd8a7d076f1e9 3.5s done
#14 ...

#16 [spiderfoot auth] asc3t1c/spiderfoot:pull,push token for ghcr.io
#16 DONE 0.0s

#14 [spiderfoot] exporting to image
#14 pushing layers 2.3s done
#14 pushing manifest for ghcr.io/asc3t1c/spiderfoot:24.04.1@sha256:c4250fd230b8e979d8e5aa75ba6917dce1c85187677d05a69f0fd8a7d076f1e9
#14 pushing manifest for ghcr.io/asc3t1c/spiderfoot:24.04.1@sha256:c4250fd230b8e979d8e5aa75ba6917dce1c85187677d05a69f0fd8a7d076f1e9 1.8s done
#14 DONE 9.6s

#17 [spiderfoot] resolving provenance for metadata file
#17 DONE 0.0s
